[WP STAGING Manual Logging][info][2023-01-24 14:02:22] Starting from a clean state...
[WP STAGING Manual Logging][info][2023-01-24 14:02:22] Sending request to: https://retourautravail.irsst.qc.ca/wp-admin/admin-ajax.php?action=wpstg_ajax_test_action&_ajax_nonce=dbe45b4e9a
[WP STAGING Manual Logging][info][2023-01-24 14:02:23] {"headers":[],"body":"","response":{"code":false,"message":false},"cookies":[],"http_response":null}
[WP STAGING Manual Logging][info][2023-01-24 14:02:23] runAjaxFeatureTest waited 0.0 seconds...
[WP STAGING Manual Logging][info][2023-01-24 14:02:23] Running updateAjaxTestOption
[WP STAGING Manual Logging][info][2023-01-24 14:02:23] Complete updateAjaxTestOption. New value: y
[WP STAGING Manual Logging][info][2023-01-24 14:02:24] Fetched is equal to: y
[WP STAGING Manual Logging][info][2023-01-24 14:02:24] Fetched is equal to (get_option): y
[WP STAGING Manual Logging][info][2023-01-24 14:02:24] runAjaxFeatureTest worked
[WP STAGING Manual Logging][info][2023-01-24 14:02:24] Running Queue Maintenance.
[WP STAGING Manual Logging][info][2023-01-24 14:02:24] Removed 0 actions that were last updated before 2023-01-17 19:02:24.
[WP STAGING Manual Logging][info][2023-01-25 14:02:53] Running Queue Maintenance.
[WP STAGING Manual Logging][info][2023-01-25 14:02:53] Removed 0 actions that were last updated before 2023-01-18 19:02:53.
[WP STAGING Manual Logging][info][2023-01-26 14:03:40] Running Queue Maintenance.
[WP STAGING Manual Logging][info][2023-01-26 14:03:40] Removed 0 actions that were last updated before 2023-01-19 19:03:40.
[WP STAGING Manual Logging][info][2023-01-27 14:06:34] Running Queue Maintenance.
[WP STAGING Manual Logging][info][2023-01-27 14:06:34] Removed 0 actions that were last updated before 2023-01-20 19:06:34.
[WP STAGING Manual Logging][info][2023-01-28 14:06:34] Running Queue Maintenance.
[WP STAGING Manual Logging][info][2023-01-28 14:06:34] Removed 0 actions that were last updated before 2023-01-21 19:06:34.
[WP STAGING Manual Logging][info][2023-01-29 14:06:34] Running Queue Maintenance.
[WP STAGING Manual Logging][info][2023-01-29 14:06:35] Removed 0 actions that were last updated before 2023-01-22 19:06:35.
[WP STAGING Manual Logging][info][2023-01-30 14:03:16] Running Queue Maintenance.
[WP STAGING Manual Logging][info][2023-01-30 14:03:16] Removed 0 actions that were last updated before 2023-01-23 19:03:16.
[WP STAGING Manual Logging][info][2023-01-31 14:04:27] Starting from a clean state...
[WP STAGING Manual Logging][info][2023-01-31 14:04:27] Sending request to: https://retourautravail.irsst.qc.ca/wp-admin/admin-ajax.php?action=wpstg_ajax_test_action&_ajax_nonce=7144e24906
[WP STAGING Manual Logging][info][2023-01-31 14:04:28] Running updateAjaxTestOption
[WP STAGING Manual Logging][info][2023-01-31 14:04:28] Complete updateAjaxTestOption. New value: y
[WP STAGING Manual Logging][info][2023-01-31 14:04:28] {"headers":[],"body":"","response":{"code":false,"message":false},"cookies":[],"http_response":null}
[WP STAGING Manual Logging][info][2023-01-31 14:04:28] runAjaxFeatureTest waited 0.0 seconds...
[WP STAGING Manual Logging][info][2023-01-31 14:04:28] Fetched is equal to: y
[WP STAGING Manual Logging][info][2023-01-31 14:04:28] Fetched is equal to (get_option): y
[WP STAGING Manual Logging][info][2023-01-31 14:04:28] runAjaxFeatureTest worked
[WP STAGING Manual Logging][info][2023-01-31 14:04:28] Running Queue Maintenance.
[WP STAGING Manual Logging][info][2023-01-31 14:04:28] Removed 0 actions that were last updated before 2023-01-24 19:04:28.
[WP STAGING Manual Logging][info][2023-02-01 14:04:36] Running Queue Maintenance.
[WP STAGING Manual Logging][info][2023-02-01 14:04:36] Removed 0 actions that were last updated before 2023-01-25 19:04:36.
[WP STAGING Manual Logging][info][2023-02-02 14:06:21] Running Queue Maintenance.
[WP STAGING Manual Logging][info][2023-02-02 14:06:21] Removed 0 actions that were last updated before 2023-01-26 19:06:21.
[WP STAGING Manual Logging][info][2023-02-03 14:02:31] Running Queue Maintenance.
[WP STAGING Manual Logging][info][2023-02-03 14:02:31] Removed 0 actions that were last updated before 2023-01-27 19:02:31.
[WP STAGING Manual Logging][info][2023-02-04 14:03:21] Running Queue Maintenance.
[WP STAGING Manual Logging][info][2023-02-04 14:03:21] Removed 0 actions that were last updated before 2023-01-28 19:03:21.
[WP STAGING Manual Logging][info][2023-02-05 14:03:21] Running Queue Maintenance.
[WP STAGING Manual Logging][info][2023-02-05 14:03:21] Removed 0 actions that were last updated before 2023-01-29 19:03:21.
[WP STAGING Manual Logging][info][2023-02-06 14:03:21] Running Queue Maintenance.
[WP STAGING Manual Logging][info][2023-02-06 14:03:21] Removed 0 actions that were last updated before 2023-01-30 19:03:21.
[WP STAGING Manual Logging][info][2023-02-07 14:02:36] Starting from a clean state...
[WP STAGING Manual Logging][info][2023-02-07 14:02:36] Sending request to: https://retourautravail.irsst.qc.ca/wp-admin/admin-ajax.php?action=wpstg_ajax_test_action&_ajax_nonce=3a3b35735f
[WP STAGING Manual Logging][info][2023-02-07 14:02:37] Running updateAjaxTestOption
[WP STAGING Manual Logging][info][2023-02-07 14:02:37] Complete updateAjaxTestOption. New value: y
[WP STAGING Manual Logging][info][2023-02-07 14:02:37] {"headers":[],"body":"","response":{"code":false,"message":false},"cookies":[],"http_response":null}
[WP STAGING Manual Logging][info][2023-02-07 14:02:37] runAjaxFeatureTest waited 0.0 seconds...
[WP STAGING Manual Logging][info][2023-02-07 14:02:38] Fetched is equal to: y
[WP STAGING Manual Logging][info][2023-02-07 14:02:38] Fetched is equal to (get_option): y
[WP STAGING Manual Logging][info][2023-02-07 14:02:38] runAjaxFeatureTest worked
[WP STAGING Manual Logging][info][2023-02-07 14:02:38] Running Queue Maintenance.
[WP STAGING Manual Logging][info][2023-02-07 14:02:38] Removed 0 actions that were last updated before 2023-01-31 19:02:38.
[WP STAGING Manual Logging][info][2023-02-08 14:05:47] Running Queue Maintenance.
[WP STAGING Manual Logging][info][2023-02-08 14:05:47] Removed 0 actions that were last updated before 2023-02-01 19:05:47.
[WP STAGING Manual Logging][info][2023-02-09 14:02:21] Running Queue Maintenance.
[WP STAGING Manual Logging][info][2023-02-09 14:02:21] Removed 0 actions that were last updated before 2023-02-02 19:02:21.
[WP STAGING Manual Logging][info][2023-02-10 14:06:53] Running Queue Maintenance.
[WP STAGING Manual Logging][info][2023-02-10 14:06:53] Removed 0 actions that were last updated before 2023-02-03 19:06:53.
[WP STAGING Manual Logging][info][2023-02-11 14:02:43] Running Queue Maintenance.
[WP STAGING Manual Logging][info][2023-02-11 14:02:43] Removed 0 actions that were last updated before 2023-02-04 19:02:43.
[WP STAGING Manual Logging][info][2023-02-12 14:02:43] Running Queue Maintenance.
[WP STAGING Manual Logging][info][2023-02-12 14:02:43] Removed 0 actions that were last updated before 2023-02-05 19:02:43.
[WP STAGING Manual Logging][info][2023-02-13 14:02:43] Running Queue Maintenance.
[WP STAGING Manual Logging][info][2023-02-13 14:02:43] Removed 0 actions that were last updated before 2023-02-06 19:02:43.
[WP STAGING Manual Logging][info][2023-02-14 14:02:43] Starting from a clean state...
[WP STAGING Manual Logging][info][2023-02-14 14:02:43] Sending request to: https://retourautravail.irsst.qc.ca/wp-admin/admin-ajax.php?action=wpstg_ajax_test_action&_ajax_nonce=dad9d346df
[WP STAGING Manual Logging][info][2023-02-14 14:02:43] Running updateAjaxTestOption
[WP STAGING Manual Logging][info][2023-02-14 14:02:43] Complete updateAjaxTestOption. New value: y
[WP STAGING Manual Logging][info][2023-02-14 14:02:43] {"headers":[],"body":"","response":{"code":false,"message":false},"cookies":[],"http_response":null}
[WP STAGING Manual Logging][info][2023-02-14 14:02:43] runAjaxFeatureTest waited 0.0 seconds...
[WP STAGING Manual Logging][info][2023-02-14 14:02:44] Fetched is equal to: y
[WP STAGING Manual Logging][info][2023-02-14 14:02:44] Fetched is equal to (get_option): y
[WP STAGING Manual Logging][info][2023-02-14 14:02:44] runAjaxFeatureTest worked
[WP STAGING Manual Logging][info][2023-02-14 14:02:44] Running Queue Maintenance.
[WP STAGING Manual Logging][info][2023-02-14 14:02:44] Removed 0 actions that were last updated before 2023-02-07 19:02:44.
[WP STAGING Manual Logging][info][2023-02-15 14:02:43] Running Queue Maintenance.
[WP STAGING Manual Logging][info][2023-02-15 14:02:43] Removed 0 actions that were last updated before 2023-02-08 19:02:43.
[WP STAGING Manual Logging][info][2023-02-16 14:02:43] Running Queue Maintenance.
[WP STAGING Manual Logging][info][2023-02-16 14:02:43] Removed 0 actions that were last updated before 2023-02-09 19:02:43.
[WP STAGING Manual Logging][info][2023-02-17 14:02:43] Running Queue Maintenance.
[WP STAGING Manual Logging][info][2023-02-17 14:02:43] Removed 0 actions that were last updated before 2023-02-10 19:02:43.
[WP STAGING Manual Logging][info][2023-02-18 14:02:43] Running Queue Maintenance.
[WP STAGING Manual Logging][info][2023-02-18 14:02:43] Removed 0 actions that were last updated before 2023-02-11 19:02:43.
[WP STAGING Manual Logging][info][2023-02-19 14:02:43] Running Queue Maintenance.
[WP STAGING Manual Logging][info][2023-02-19 14:02:43] Removed 0 actions that were last updated before 2023-02-12 19:02:43.
[WP STAGING Manual Logging][info][2023-02-20 14:03:35] Running Queue Maintenance.
[WP STAGING Manual Logging][info][2023-02-20 14:03:35] Removed 0 actions that were last updated before 2023-02-13 19:03:35.
[WP STAGING Shutdown Function][E_ERROR][2023-02-21 11:40:32] Uncaught Error: Class 'OTGS\Installer\Recommendations\RecommendationsManager' not found in /home/retourautravail/public_html/wp-content/plugins/sitepress-multilingual-cms/vendor/otgs/installer/includes/class-wp-installer.php:223
Stack trace:
#0 /home/retourautravail/public_html/wp-includes/class-wp-hook.php(308): WP_Installer->init('')
#1 /home/retourautravail/public_html/wp-includes/class-wp-hook.php(332): WP_Hook->apply_filters(NULL, Array)
#2 /home/retourautravail/public_html/wp-includes/plugin.php(517): WP_Hook->do_action(Array)
#3 /home/retourautravail/public_html/wp-settings.php(617): do_action('init')
#4 /home/retourautravail/public_html/wp-config.php(104): require_once('/home/retouraut...')
#5 /home/retourautravail/public_html/wp-load.php(50): require_once('/home/retouraut...')
#6 /home/retourautravail/public_html/wp-blog-header.php(13): require_once('/home/retouraut...')
#7 /home/retourautravail/public_html/index.php(17): require('/home/retouraut...')
#8 {main}
  thrown - File: /home/retourautravail/public_html/wp-content/plugins/sitepress-multilingual-cms/vendor/otgs/installer/includes/class-wp-installer.php Line: 223 | Is it Fatal Error? Yes | Is it Thrown by WP STAGING? No
[WP STAGING Manual Logging][info][2023-02-21 14:04:01] Starting from a clean state...
[WP STAGING Manual Logging][info][2023-02-21 14:04:01] Sending request to: https://retourautravail.irsst.qc.ca/wp-admin/admin-ajax.php?action=wpstg_ajax_test_action&_ajax_nonce=6e7d87a1a5
[WP STAGING Manual Logging][info][2023-02-21 14:04:01] Running updateAjaxTestOption
[WP STAGING Manual Logging][info][2023-02-21 14:04:01] Complete updateAjaxTestOption. New value: y
[WP STAGING Manual Logging][info][2023-02-21 14:04:01] {"headers":[],"body":"","response":{"code":false,"message":false},"cookies":[],"http_response":null}
[WP STAGING Manual Logging][info][2023-02-21 14:04:01] runAjaxFeatureTest waited 0.0 seconds...
[WP STAGING Manual Logging][info][2023-02-21 14:04:02] Fetched is equal to: y
[WP STAGING Manual Logging][info][2023-02-21 14:04:02] Fetched is equal to (get_option): y
[WP STAGING Manual Logging][info][2023-02-21 14:04:02] runAjaxFeatureTest worked
[WP STAGING Manual Logging][info][2023-02-21 14:04:02] Running Queue Maintenance.
[WP STAGING Manual Logging][info][2023-02-21 14:04:02] Removed 0 actions that were last updated before 2023-02-14 19:04:02.
[WP STAGING Manual Logging][info][2023-02-22 14:03:06] Running Queue Maintenance.
[WP STAGING Manual Logging][info][2023-02-22 14:03:06] Removed 0 actions that were last updated before 2023-02-15 19:03:06.
[WP STAGING Manual Logging][info][2023-02-23 14:04:44] Running Queue Maintenance.
[WP STAGING Manual Logging][info][2023-02-23 14:04:44] Removed 0 actions that were last updated before 2023-02-16 19:04:44.
[WP STAGING Manual Logging][info][2023-02-24 14:04:44] Running Queue Maintenance.
[WP STAGING Manual Logging][info][2023-02-24 14:04:44] Removed 0 actions that were last updated before 2023-02-17 19:04:44.
[WP STAGING Manual Logging][info][2023-02-25 14:04:44] Running Queue Maintenance.
[WP STAGING Manual Logging][info][2023-02-25 14:04:44] Removed 0 actions that were last updated before 2023-02-18 19:04:44.
[WP STAGING Manual Logging][info][2023-02-26 14:04:44] Running Queue Maintenance.
[WP STAGING Manual Logging][info][2023-02-26 14:04:44] Removed 0 actions that were last updated before 2023-02-19 19:04:44.
[WP STAGING Manual Logging][info][2023-02-27 14:04:44] Running Queue Maintenance.
[WP STAGING Manual Logging][info][2023-02-27 14:04:44] Removed 0 actions that were last updated before 2023-02-20 19:04:44.
[WP STAGING Manual Logging][info][2023-02-28 14:04:49] Starting from a clean state...
[WP STAGING Manual Logging][info][2023-02-28 14:04:49] Sending request to: https://retourautravail.irsst.qc.ca/wp-admin/admin-ajax.php?action=wpstg_ajax_test_action&_ajax_nonce=63bbedd5a4
[WP STAGING Manual Logging][info][2023-02-28 14:04:50] Running updateAjaxTestOption
[WP STAGING Manual Logging][info][2023-02-28 14:04:50] Complete updateAjaxTestOption. New value: y
[WP STAGING Manual Logging][info][2023-02-28 14:04:50] {"headers":[],"body":"","response":{"code":false,"message":false},"cookies":[],"http_response":null}
[WP STAGING Manual Logging][info][2023-02-28 14:04:50] runAjaxFeatureTest waited 0.0 seconds...
[WP STAGING Manual Logging][info][2023-02-28 14:04:50] Fetched is equal to: y
[WP STAGING Manual Logging][info][2023-02-28 14:04:50] Fetched is equal to (get_option): y
[WP STAGING Manual Logging][info][2023-02-28 14:04:50] runAjaxFeatureTest worked
[WP STAGING Manual Logging][info][2023-02-28 14:04:50] Running Queue Maintenance.
[WP STAGING Manual Logging][info][2023-02-28 14:04:50] Removed 0 actions that were last updated before 2023-02-21 19:04:50.
[WP STAGING Manual Logging][info][2023-03-01 14:02:59] Running Queue Maintenance.
[WP STAGING Manual Logging][info][2023-03-01 14:02:59] Removed 0 actions that were last updated before 2023-02-22 19:02:59.
[WP STAGING Manual Logging][info][2023-03-02 14:05:44] Running Queue Maintenance.
[WP STAGING Manual Logging][info][2023-03-02 14:05:44] Removed 0 actions that were last updated before 2023-02-23 19:05:44.
[WP STAGING Manual Logging][info][2023-03-03 14:02:30] Running Queue Maintenance.
[WP STAGING Manual Logging][info][2023-03-03 14:02:30] Removed 0 actions that were last updated before 2023-02-24 19:02:30.
[WP STAGING Manual Logging][info][2023-03-04 14:06:10] Running Queue Maintenance.
[WP STAGING Manual Logging][info][2023-03-04 14:06:10] Removed 0 actions that were last updated before 2023-02-25 19:06:10.
[WP STAGING Manual Logging][info][2023-03-05 14:03:48] Running Queue Maintenance.
[WP STAGING Manual Logging][info][2023-03-05 14:03:48] Removed 0 actions that were last updated before 2023-02-26 19:03:48.
[WP STAGING Manual Logging][info][2023-03-06 14:05:36] Running Queue Maintenance.
[WP STAGING Manual Logging][info][2023-03-06 14:05:36] Removed 0 actions that were last updated before 2023-02-27 19:05:36.
[WP STAGING Manual Logging][info][2023-03-07 14:05:24] Starting from a clean state...
[WP STAGING Manual Logging][info][2023-03-07 14:05:24] Sending request to: https://retourautravail.irsst.qc.ca/wp-admin/admin-ajax.php?action=wpstg_ajax_test_action&_ajax_nonce=5f78b4b914
[WP STAGING Manual Logging][info][2023-03-07 14:05:24] Running updateAjaxTestOption
[WP STAGING Manual Logging][info][2023-03-07 14:05:24] Complete updateAjaxTestOption. New value: y
[WP STAGING Manual Logging][info][2023-03-07 14:05:24] {"headers":[],"body":"","response":{"code":false,"message":false},"cookies":[],"http_response":null}
[WP STAGING Manual Logging][info][2023-03-07 14:05:24] runAjaxFeatureTest waited 0.0 seconds...
[WP STAGING Manual Logging][info][2023-03-07 14:05:25] Fetched is equal to: y
[WP STAGING Manual Logging][info][2023-03-07 14:05:25] Fetched is equal to (get_option): y
[WP STAGING Manual Logging][info][2023-03-07 14:05:25] runAjaxFeatureTest worked
[WP STAGING Manual Logging][info][2023-03-07 14:05:25] Running Queue Maintenance.
[WP STAGING Manual Logging][info][2023-03-07 14:05:25] Removed 0 actions that were last updated before 2023-02-28 19:05:25.
[WP STAGING Manual Logging][info][2023-03-08 14:02:28] Running Queue Maintenance.
[WP STAGING Manual Logging][info][2023-03-08 14:02:28] Removed 0 actions that were last updated before 2023-03-01 19:02:28.
[WP STAGING Manual Logging][info][2023-03-09 14:02:57] Running Queue Maintenance.
[WP STAGING Manual Logging][info][2023-03-09 14:02:57] Removed 0 actions that were last updated before 2023-03-02 19:02:57.
[WP STAGING Manual Logging][info][2023-03-10 14:03:44] Running Queue Maintenance.
[WP STAGING Manual Logging][info][2023-03-10 14:03:44] Removed 0 actions that were last updated before 2023-03-03 19:03:44.
[WP STAGING Manual Logging][info][2023-03-11 14:03:44] Running Queue Maintenance.
[WP STAGING Manual Logging][info][2023-03-11 14:03:44] Removed 0 actions that were last updated before 2023-03-04 19:03:44.
[WP STAGING Manual Logging][info][2023-03-12 15:03:44] Running Queue Maintenance.
[WP STAGING Manual Logging][info][2023-03-12 15:03:44] Removed 0 actions that were last updated before 2023-03-05 19:03:44.
[WP STAGING Manual Logging][info][2023-03-13 15:03:44] Running Queue Maintenance.
[WP STAGING Manual Logging][info][2023-03-13 15:03:44] Removed 0 actions that were last updated before 2023-03-06 19:03:44.
[WP STAGING Manual Logging][info][2023-03-14 15:02:41] Starting from a clean state...
[WP STAGING Manual Logging][info][2023-03-14 15:02:41] Sending request to: https://retourautravail.irsst.qc.ca/wp-admin/admin-ajax.php?action=wpstg_ajax_test_action&_ajax_nonce=95eb3c5139
[WP STAGING Manual Logging][info][2023-03-14 15:02:41] Running updateAjaxTestOption
[WP STAGING Manual Logging][info][2023-03-14 15:02:41] Complete updateAjaxTestOption. New value: y
[WP STAGING Manual Logging][info][2023-03-14 15:02:41] {"headers":[],"body":"","response":{"code":false,"message":false},"cookies":[],"http_response":null}
[WP STAGING Manual Logging][info][2023-03-14 15:02:41] runAjaxFeatureTest waited 0.0 seconds...
[WP STAGING Manual Logging][info][2023-03-14 15:02:42] Fetched is equal to: y
[WP STAGING Manual Logging][info][2023-03-14 15:02:42] Fetched is equal to (get_option): y
[WP STAGING Manual Logging][info][2023-03-14 15:02:42] runAjaxFeatureTest worked
[WP STAGING Manual Logging][info][2023-03-14 15:02:42] Running Queue Maintenance.
[WP STAGING Manual Logging][info][2023-03-14 15:02:42] Removed 0 actions that were last updated before 2023-03-07 19:02:42.
[WP STAGING Manual Logging][info][2023-03-15 15:05:05] Running Queue Maintenance.
[WP STAGING Manual Logging][info][2023-03-15 15:05:05] Removed 0 actions that were last updated before 2023-03-08 19:05:05.
[WP STAGING Manual Logging][info][2023-03-16 15:05:05] Running Queue Maintenance.
[WP STAGING Manual Logging][info][2023-03-16 15:05:05] Removed 0 actions that were last updated before 2023-03-09 19:05:05.
[WP STAGING Manual Logging][info][2023-03-17 15:03:52] Running Queue Maintenance.
[WP STAGING Manual Logging][info][2023-03-17 15:03:52] Removed 0 actions that were last updated before 2023-03-10 19:03:52.
[WP STAGING Manual Logging][info][2023-03-18 15:05:05] Running Queue Maintenance.
[WP STAGING Manual Logging][info][2023-03-18 15:05:05] Removed 0 actions that were last updated before 2023-03-11 19:05:05.
[WP STAGING Manual Logging][info][2023-03-19 15:05:05] Running Queue Maintenance.
[WP STAGING Manual Logging][info][2023-03-19 15:05:05] Removed 0 actions that were last updated before 2023-03-12 19:05:05.
[WP STAGING Manual Logging][info][2023-03-20 15:03:36] Running Queue Maintenance.
[WP STAGING Manual Logging][info][2023-03-20 15:03:36] Removed 0 actions that were last updated before 2023-03-13 19:03:36.
[WP STAGING Manual Logging][info][2023-03-21 15:03:36] Starting from a clean state...
[WP STAGING Manual Logging][info][2023-03-21 15:03:36] Sending request to: https://retourautravail.irsst.qc.ca/wp-admin/admin-ajax.php?action=wpstg_ajax_test_action&_ajax_nonce=a444b277db
[WP STAGING Manual Logging][info][2023-03-21 15:03:36] Running updateAjaxTestOption
[WP STAGING Manual Logging][info][2023-03-21 15:03:36] Complete updateAjaxTestOption. New value: y
[WP STAGING Manual Logging][info][2023-03-21 15:03:36] {"headers":[],"body":"","response":{"code":false,"message":false},"cookies":[],"http_response":null}
[WP STAGING Manual Logging][info][2023-03-21 15:03:36] runAjaxFeatureTest waited 0.0 seconds...
[WP STAGING Manual Logging][info][2023-03-21 15:03:37] Fetched is equal to: y
[WP STAGING Manual Logging][info][2023-03-21 15:03:37] Fetched is equal to (get_option): y
[WP STAGING Manual Logging][info][2023-03-21 15:03:37] runAjaxFeatureTest worked
[WP STAGING Manual Logging][info][2023-03-21 15:03:37] Running Queue Maintenance.
[WP STAGING Manual Logging][info][2023-03-21 15:03:37] Removed 0 actions that were last updated before 2023-03-14 19:03:37.
[WP STAGING Manual Logging][info][2023-03-22 15:06:53] Running Queue Maintenance.
[WP STAGING Manual Logging][info][2023-03-22 15:06:53] Removed 0 actions that were last updated before 2023-03-15 19:06:53.
[WP STAGING Manual Logging][info][2023-03-23 15:03:29] Running Queue Maintenance.
[WP STAGING Manual Logging][info][2023-03-23 15:03:29] Removed 0 actions that were last updated before 2023-03-16 19:03:29.
[WP STAGING Manual Logging][info][2023-03-24 15:06:09] Running Queue Maintenance.
[WP STAGING Manual Logging][info][2023-03-24 15:06:09] Removed 0 actions that were last updated before 2023-03-17 19:06:09.
[WP STAGING Manual Logging][info][2023-03-25 15:04:16] Running Queue Maintenance.
[WP STAGING Manual Logging][info][2023-03-25 15:04:16] Removed 0 actions that were last updated before 2023-03-18 19:04:16.
[WP STAGING Manual Logging][info][2023-03-26 15:05:45] Running Queue Maintenance.
[WP STAGING Manual Logging][info][2023-03-26 15:05:45] Removed 0 actions that were last updated before 2023-03-19 19:05:45.
[WP STAGING Manual Logging][info][2023-03-27 15:04:40] Running Queue Maintenance.
[WP STAGING Manual Logging][info][2023-03-27 15:04:40] Removed 0 actions that were last updated before 2023-03-20 19:04:40.
[WP STAGING Manual Logging][info][2023-03-28 15:04:40] Starting from a clean state...
[WP STAGING Manual Logging][info][2023-03-28 15:04:40] Sending request to: https://retourautravail.irsst.qc.ca/wp-admin/admin-ajax.php?action=wpstg_ajax_test_action&_ajax_nonce=56c8393dfb
[WP STAGING Manual Logging][info][2023-03-28 15:04:41] Running updateAjaxTestOption
[WP STAGING Manual Logging][info][2023-03-28 15:04:41] Complete updateAjaxTestOption. New value: y
[WP STAGING Manual Logging][info][2023-03-28 15:04:41] {"headers":[],"body":"","response":{"code":false,"message":false},"cookies":[],"http_response":null}
[WP STAGING Manual Logging][info][2023-03-28 15:04:41] runAjaxFeatureTest waited 0.0 seconds...
[WP STAGING Manual Logging][info][2023-03-28 15:04:41] Fetched is equal to: y
[WP STAGING Manual Logging][info][2023-03-28 15:04:41] Fetched is equal to (get_option): y
[WP STAGING Manual Logging][info][2023-03-28 15:04:41] runAjaxFeatureTest worked
[WP STAGING Manual Logging][info][2023-03-28 15:04:41] Running Queue Maintenance.
[WP STAGING Manual Logging][info][2023-03-28 15:04:41] Removed 0 actions that were last updated before 2023-03-21 19:04:41.
[WP STAGING Manual Logging][info][2023-03-29 15:06:20] Running Queue Maintenance.
[WP STAGING Manual Logging][info][2023-03-29 15:06:20] Removed 0 actions that were last updated before 2023-03-22 19:06:20.
[WP STAGING Manual Logging][info][2023-03-30 15:06:20] Running Queue Maintenance.
[WP STAGING Manual Logging][info][2023-03-30 15:06:20] Removed 0 actions that were last updated before 2023-03-23 19:06:20.
[WP STAGING Manual Logging][info][2023-03-31 15:07:10] Running Queue Maintenance.
[WP STAGING Manual Logging][info][2023-03-31 15:07:10] Removed 0 actions that were last updated before 2023-03-24 19:07:10.
[WP STAGING Manual Logging][info][2023-04-01 15:05:44] Running Queue Maintenance.
[WP STAGING Manual Logging][info][2023-04-01 15:05:44] Removed 0 actions that were last updated before 2023-03-25 19:05:44.
[WP STAGING Manual Logging][info][2023-04-02 15:05:44] Running Queue Maintenance.
[WP STAGING Manual Logging][info][2023-04-02 15:05:44] Removed 0 actions that were last updated before 2023-03-26 19:05:44.
[WP STAGING Manual Logging][info][2023-04-03 15:05:44] Running Queue Maintenance.
[WP STAGING Manual Logging][info][2023-04-03 15:05:44] Removed 0 actions that were last updated before 2023-03-27 19:05:44.
[WP STAGING Manual Logging][info][2023-04-04 15:05:11] Starting from a clean state...
[WP STAGING Manual Logging][info][2023-04-04 15:05:11] Sending request to: https://retourautravail.irsst.qc.ca/wp-admin/admin-ajax.php?action=wpstg_ajax_test_action&_ajax_nonce=e6d27d1472
[WP STAGING Manual Logging][info][2023-04-04 15:05:11] Running updateAjaxTestOption
[WP STAGING Manual Logging][info][2023-04-04 15:05:11] Complete updateAjaxTestOption. New value: y
[WP STAGING Manual Logging][info][2023-04-04 15:05:11] {"headers":[],"body":"","response":{"code":false,"message":false},"cookies":[],"http_response":null}
[WP STAGING Manual Logging][info][2023-04-04 15:05:11] runAjaxFeatureTest waited 0.0 seconds...
[WP STAGING Manual Logging][info][2023-04-04 15:05:11] Fetched is equal to: y
[WP STAGING Manual Logging][info][2023-04-04 15:05:11] Fetched is equal to (get_option): y
[WP STAGING Manual Logging][info][2023-04-04 15:05:11] runAjaxFeatureTest worked
[WP STAGING Manual Logging][info][2023-04-04 15:05:11] Running Queue Maintenance.
[WP STAGING Manual Logging][info][2023-04-04 15:05:11] Removed 0 actions that were last updated before 2023-03-28 19:05:11.
[WP STAGING Manual Logging][info][2023-04-05 15:03:28] Running Queue Maintenance.
[WP STAGING Manual Logging][info][2023-04-05 15:03:28] Removed 0 actions that were last updated before 2023-03-29 19:03:28.
[WP STAGING Manual Logging][info][2023-04-06 15:02:33] Running Queue Maintenance.
[WP STAGING Manual Logging][info][2023-04-06 15:02:33] Removed 0 actions that were last updated before 2023-03-30 19:02:33.
[WP STAGING Manual Logging][info][2023-04-07 15:05:02] Running Queue Maintenance.
[WP STAGING Manual Logging][info][2023-04-07 15:05:02] Removed 0 actions that were last updated before 2023-03-31 19:05:02.
[WP STAGING Manual Logging][info][2023-04-08 15:05:01] Running Queue Maintenance.
[WP STAGING Manual Logging][info][2023-04-08 15:05:01] Removed 0 actions that were last updated before 2023-04-01 19:05:01.
[WP STAGING Manual Logging][info][2023-04-09 15:05:01] Running Queue Maintenance.
[WP STAGING Manual Logging][info][2023-04-09 15:05:01] Removed 0 actions that were last updated before 2023-04-02 19:05:01.
[WP STAGING Manual Logging][info][2023-04-10 15:04:22] Running Queue Maintenance.
[WP STAGING Manual Logging][info][2023-04-10 15:04:22] Removed 0 actions that were last updated before 2023-04-03 19:04:22.
[WP STAGING Manual Logging][info][2023-04-11 15:05:01] Starting from a clean state...
[WP STAGING Manual Logging][info][2023-04-11 15:05:01] Sending request to: https://retourautravail.irsst.qc.ca/wp-admin/admin-ajax.php?action=wpstg_ajax_test_action&_ajax_nonce=04c77ac72f
[WP STAGING Manual Logging][info][2023-04-11 15:05:02] Running updateAjaxTestOption
[WP STAGING Manual Logging][info][2023-04-11 15:05:02] Complete updateAjaxTestOption. New value: y
[WP STAGING Manual Logging][info][2023-04-11 15:05:02] {"headers":[],"body":"","response":{"code":false,"message":false},"cookies":[],"http_response":null}
[WP STAGING Manual Logging][info][2023-04-11 15:05:02] runAjaxFeatureTest waited 0.0 seconds...
[WP STAGING Manual Logging][info][2023-04-11 15:05:02] Fetched is equal to: y
[WP STAGING Manual Logging][info][2023-04-11 15:05:02] Fetched is equal to (get_option): y
[WP STAGING Manual Logging][info][2023-04-11 15:05:02] runAjaxFeatureTest worked
[WP STAGING Manual Logging][info][2023-04-11 15:05:02] Running Queue Maintenance.
[WP STAGING Manual Logging][info][2023-04-11 15:05:02] Removed 0 actions that were last updated before 2023-04-04 19:05:02.
[WP STAGING Manual Logging][info][2023-04-12 15:05:02] Running Queue Maintenance.
[WP STAGING Manual Logging][info][2023-04-12 15:05:02] Removed 0 actions that were last updated before 2023-04-05 19:05:02.
[WP STAGING Manual Logging][info][2023-04-13 15:05:01] Running Queue Maintenance.
[WP STAGING Manual Logging][info][2023-04-13 15:05:01] Removed 0 actions that were last updated before 2023-04-06 19:05:01.
[WP STAGING Manual Logging][info][2023-04-14 15:05:01] Running Queue Maintenance.
[WP STAGING Manual Logging][info][2023-04-14 15:05:01] Removed 0 actions that were last updated before 2023-04-07 19:05:01.
[WP STAGING Manual Logging][info][2023-04-15 15:05:01] Running Queue Maintenance.
[WP STAGING Manual Logging][info][2023-04-15 15:05:01] Removed 0 actions that were last updated before 2023-04-08 19:05:01.
[WP STAGING Manual Logging][info][2023-04-16 15:03:26] Running Queue Maintenance.
[WP STAGING Manual Logging][info][2023-04-16 15:03:26] Removed 0 actions that were last updated before 2023-04-09 19:03:26.
[WP STAGING Manual Logging][info][2023-04-17 15:03:03] Running Queue Maintenance.
[WP STAGING Manual Logging][info][2023-04-17 15:03:03] Removed 0 actions that were last updated before 2023-04-10 19:03:03.
[WP STAGING Manual Logging][info][2023-04-18 15:03:26] Starting from a clean state...
[WP STAGING Manual Logging][info][2023-04-18 15:03:26] Sending request to: https://retourautravail.irsst.qc.ca/wp-admin/admin-ajax.php?action=wpstg_ajax_test_action&_ajax_nonce=96044e220e
[WP STAGING Manual Logging][info][2023-04-18 15:03:26] Running updateAjaxTestOption
[WP STAGING Manual Logging][info][2023-04-18 15:03:26] Complete updateAjaxTestOption. New value: y
[WP STAGING Manual Logging][info][2023-04-18 15:03:26] {"headers":[],"body":"","response":{"code":false,"message":false},"cookies":[],"http_response":null}
[WP STAGING Manual Logging][info][2023-04-18 15:03:26] runAjaxFeatureTest waited 0.0 seconds...
[WP STAGING Manual Logging][info][2023-04-18 15:03:27] Fetched is equal to: y
[WP STAGING Manual Logging][info][2023-04-18 15:03:27] Fetched is equal to (get_option): y
[WP STAGING Manual Logging][info][2023-04-18 15:03:27] runAjaxFeatureTest worked
[WP STAGING Manual Logging][info][2023-04-18 15:03:27] Running Queue Maintenance.
[WP STAGING Manual Logging][info][2023-04-18 15:03:27] Removed 0 actions that were last updated before 2023-04-11 19:03:27.
[WP STAGING Manual Logging][info][2023-04-19 15:05:46] Running Queue Maintenance.
[WP STAGING Manual Logging][info][2023-04-19 15:05:46] Removed 0 actions that were last updated before 2023-04-12 19:05:46.
[WP STAGING Manual Logging][info][2023-04-20 15:03:58] Running Queue Maintenance.
[WP STAGING Manual Logging][info][2023-04-20 15:03:58] Removed 0 actions that were last updated before 2023-04-13 19:03:58.
[WP STAGING Manual Logging][info][2023-04-21 15:05:46] Running Queue Maintenance.
[WP STAGING Manual Logging][info][2023-04-21 15:05:46] Removed 0 actions that were last updated before 2023-04-14 19:05:46.
[WP STAGING Manual Logging][info][2023-04-22 15:05:34] Running Queue Maintenance.
[WP STAGING Manual Logging][info][2023-04-22 15:05:34] Removed 0 actions that were last updated before 2023-04-15 19:05:34.
[WP STAGING Manual Logging][info][2023-04-23 15:05:46] Running Queue Maintenance.
[WP STAGING Manual Logging][info][2023-04-23 15:05:46] Removed 0 actions that were last updated before 2023-04-16 19:05:46.
[WP STAGING Manual Logging][info][2023-04-24 15:05:46] Running Queue Maintenance.
[WP STAGING Manual Logging][info][2023-04-24 15:05:46] Removed 0 actions that were last updated before 2023-04-17 19:05:46.
[WP STAGING Manual Logging][info][2023-04-25 15:05:46] Starting from a clean state...
[WP STAGING Manual Logging][info][2023-04-25 15:05:46] Sending request to: https://retourautravail.irsst.qc.ca/wp-admin/admin-ajax.php?action=wpstg_ajax_test_action&_ajax_nonce=b9ca1bc4e0
[WP STAGING Manual Logging][info][2023-04-25 15:05:46] Running updateAjaxTestOption
[WP STAGING Manual Logging][info][2023-04-25 15:05:46] Complete updateAjaxTestOption. New value: y
[WP STAGING Manual Logging][info][2023-04-25 15:05:46] {"headers":[],"body":"","response":{"code":false,"message":false},"cookies":[],"http_response":null}
[WP STAGING Manual Logging][info][2023-04-25 15:05:46] runAjaxFeatureTest waited 0.0 seconds...
[WP STAGING Manual Logging][info][2023-04-25 15:05:47] Fetched is equal to: y
[WP STAGING Manual Logging][info][2023-04-25 15:05:47] Fetched is equal to (get_option): y
[WP STAGING Manual Logging][info][2023-04-25 15:05:47] runAjaxFeatureTest worked
[WP STAGING Manual Logging][info][2023-04-25 15:05:47] Running Queue Maintenance.
[WP STAGING Manual Logging][info][2023-04-25 15:05:47] Removed 0 actions that were last updated before 2023-04-18 19:05:47.
[WP STAGING Manual Logging][info][2023-04-26 15:05:46] Running Queue Maintenance.
[WP STAGING Manual Logging][info][2023-04-26 15:05:46] Removed 0 actions that were last updated before 2023-04-19 19:05:46.
[WP STAGING Manual Logging][info][2023-04-27 15:02:19] Running Queue Maintenance.
[WP STAGING Manual Logging][info][2023-04-27 15:02:19] Removed 0 actions that were last updated before 2023-04-20 19:02:19.
[WP STAGING Manual Logging][info][2023-04-28 15:05:46] Running Queue Maintenance.
[WP STAGING Manual Logging][info][2023-04-28 15:05:46] Removed 0 actions that were last updated before 2023-04-21 19:05:46.
[WP STAGING Manual Logging][info][2023-04-29 15:05:46] Running Queue Maintenance.
[WP STAGING Manual Logging][info][2023-04-29 15:05:46] Removed 0 actions that were last updated before 2023-04-22 19:05:46.
[WP STAGING Manual Logging][info][2023-04-30 15:05:00] Running Queue Maintenance.
[WP STAGING Manual Logging][info][2023-04-30 15:05:00] Removed 0 actions that were last updated before 2023-04-23 19:05:00.
[WP STAGING Shutdown Function][E_PARSE][2023-05-01 11:36:02] syntax error, unexpected 'version' (T_STRING) - File: /home/retourautravail/public_html/wp-content/themes/treize/assets/svg/irsst-color-logo.svg Line: 1 | Is it Fatal Error? Yes | Is it Thrown by WP STAGING? No
[WP STAGING Shutdown Function][E_PARSE][2023-05-01 11:39:46] syntax error, unexpected 'version' (T_STRING) - File: /home/retourautravail/public_html/wp-content/themes/treize/assets/svg/irsst-color-logo.svg Line: 1 | Is it Fatal Error? Yes | Is it Thrown by WP STAGING? No
[WP STAGING Shutdown Function][E_PARSE][2023-05-01 11:42:54] syntax error, unexpected 'version' (T_STRING) - File: /home/retourautravail/public_html/wp-content/themes/treize/assets/svg/irsst-color-logo.svg Line: 1 | Is it Fatal Error? Yes | Is it Thrown by WP STAGING? No
[WP STAGING Shutdown Function][E_PARSE][2023-05-01 11:42:55] syntax error, unexpected 'version' (T_STRING) - File: /home/retourautravail/public_html/wp-content/themes/treize/assets/svg/irsst-color-logo.svg Line: 1 | Is it Fatal Error? Yes | Is it Thrown by WP STAGING? No
[WP STAGING Shutdown Function][E_PARSE][2023-05-01 11:44:04] syntax error, unexpected 'version' (T_STRING) - File: /home/retourautravail/public_html/wp-content/themes/treize/assets/svg/irsst-color-logo.svg Line: 1 | Is it Fatal Error? Yes | Is it Thrown by WP STAGING? No
[WP STAGING Shutdown Function][E_PARSE][2023-05-01 11:44:42] syntax error, unexpected 'begin' (T_STRING) - File: /home/retourautravail/public_html/wp-content/themes/treize/assets/svg/irsst-color-logo.png Line: 4 | Is it Fatal Error? Yes | Is it Thrown by WP STAGING? No
[WP STAGING Manual Logging][info][2023-05-01 15:05:39] Running Queue Maintenance.
[WP STAGING Manual Logging][info][2023-05-01 15:05:39] Removed 0 actions that were last updated before 2023-04-24 19:05:39.
[WP STAGING Manual Logging][info][2023-05-02 15:03:36] Starting from a clean state...
[WP STAGING Manual Logging][info][2023-05-02 15:03:36] Sending request to: https://retourautravail.irsst.qc.ca/wp-admin/admin-ajax.php?action=wpstg_ajax_test_action&_ajax_nonce=37ff6c5a06
[WP STAGING Manual Logging][info][2023-05-02 15:03:36] Running updateAjaxTestOption
[WP STAGING Manual Logging][info][2023-05-02 15:03:36] Complete updateAjaxTestOption. New value: y
[WP STAGING Manual Logging][info][2023-05-02 15:03:36] {"headers":[],"body":"","response":{"code":false,"message":false},"cookies":[],"http_response":null}
[WP STAGING Manual Logging][info][2023-05-02 15:03:36] runAjaxFeatureTest waited 0.0 seconds...
[WP STAGING Manual Logging][info][2023-05-02 15:03:37] Fetched is equal to: y
[WP STAGING Manual Logging][info][2023-05-02 15:03:37] Fetched is equal to (get_option): y
[WP STAGING Manual Logging][info][2023-05-02 15:03:37] runAjaxFeatureTest worked
[WP STAGING Manual Logging][info][2023-05-02 15:03:37] Running Queue Maintenance.
[WP STAGING Manual Logging][info][2023-05-02 15:03:37] Removed 0 actions that were last updated before 2023-04-25 19:03:37.
[WP STAGING Manual Logging][info][2023-05-03 15:03:36] Running Queue Maintenance.
[WP STAGING Manual Logging][info][2023-05-03 15:03:36] Removed 0 actions that were last updated before 2023-04-26 19:03:36.
[WP STAGING Manual Logging][info][2023-05-04 15:03:36] Running Queue Maintenance.
[WP STAGING Manual Logging][info][2023-05-04 15:03:36] Removed 0 actions that were last updated before 2023-04-27 19:03:36.
[WP STAGING Manual Logging][info][2023-05-05 15:02:26] Running Queue Maintenance.
[WP STAGING Manual Logging][info][2023-05-05 15:02:26] Removed 0 actions that were last updated before 2023-04-28 19:02:26.
[WP STAGING Manual Logging][info][2023-05-06 15:03:12] Running Queue Maintenance.
[WP STAGING Manual Logging][info][2023-05-06 15:03:12] Removed 0 actions that were last updated before 2023-04-29 19:03:12.
[WP STAGING Manual Logging][info][2023-05-07 15:03:12] Running Queue Maintenance.
[WP STAGING Manual Logging][info][2023-05-07 15:03:12] Removed 0 actions that were last updated before 2023-04-30 19:03:12.
[WP STAGING Manual Logging][info][2023-05-08 15:03:10] Running Queue Maintenance.
[WP STAGING Manual Logging][info][2023-05-08 15:03:10] Removed 0 actions that were last updated before 2023-05-01 19:03:10.
[WP STAGING Manual Logging][info][2023-05-09 15:03:23] Starting from a clean state...
[WP STAGING Manual Logging][info][2023-05-09 15:03:23] Sending request to: https://retourautravail.irsst.qc.ca/wp-admin/admin-ajax.php?action=wpstg_ajax_test_action&_ajax_nonce=94a3df0229
[WP STAGING Manual Logging][info][2023-05-09 15:03:23] Running updateAjaxTestOption
[WP STAGING Manual Logging][info][2023-05-09 15:03:23] Complete updateAjaxTestOption. New value: y
[WP STAGING Manual Logging][info][2023-05-09 15:03:24] {"headers":[],"body":"","response":{"code":false,"message":false},"cookies":[],"http_response":null}
[WP STAGING Manual Logging][info][2023-05-09 15:03:24] runAjaxFeatureTest waited 0.0 seconds...
[WP STAGING Manual Logging][info][2023-05-09 15:03:24] Fetched is equal to: y
[WP STAGING Manual Logging][info][2023-05-09 15:03:24] Fetched is equal to (get_option): y
[WP STAGING Manual Logging][info][2023-05-09 15:03:24] runAjaxFeatureTest worked
[WP STAGING Manual Logging][info][2023-05-09 15:03:24] Running Queue Maintenance.
[WP STAGING Manual Logging][info][2023-05-09 15:03:24] Removed 0 actions that were last updated before 2023-05-02 19:03:24.
[WP STAGING Manual Logging][info][2023-05-10 15:04:12] Running Queue Maintenance.
[WP STAGING Manual Logging][info][2023-05-10 15:04:12] Removed 0 actions that were last updated before 2023-05-03 19:04:12.
[WP STAGING Manual Logging][info][2023-05-11 15:04:04] Running Queue Maintenance.
[WP STAGING Manual Logging][info][2023-05-11 15:04:04] Removed 0 actions that were last updated before 2023-05-04 19:04:04.
[WP STAGING Manual Logging][info][2023-05-12 15:06:11] Running Queue Maintenance.
[WP STAGING Manual Logging][info][2023-05-12 15:06:11] Removed 0 actions that were last updated before 2023-05-05 19:06:11.
[WP STAGING Manual Logging][info][2023-05-13 15:03:25] Running Queue Maintenance.
[WP STAGING Manual Logging][info][2023-05-13 15:03:25] Removed 0 actions that were last updated before 2023-05-06 19:03:25.
[WP STAGING Manual Logging][info][2023-05-14 15:04:31] Running Queue Maintenance.
[WP STAGING Manual Logging][info][2023-05-14 15:04:31] Removed 0 actions that were last updated before 2023-05-07 19:04:31.
[WP STAGING Manual Logging][info][2023-05-15 15:04:29] Running Queue Maintenance.
[WP STAGING Manual Logging][info][2023-05-15 15:04:29] Removed 0 actions that were last updated before 2023-05-08 19:04:29.
[WP STAGING Manual Logging][info][2023-05-16 15:06:02] Starting from a clean state...
[WP STAGING Manual Logging][info][2023-05-16 15:06:02] Sending request to: https://retourautravail.irsst.qc.ca/wp-admin/admin-ajax.php?action=wpstg_ajax_test_action&_ajax_nonce=016d4215d6
[WP STAGING Manual Logging][info][2023-05-16 15:06:02] Running updateAjaxTestOption
[WP STAGING Manual Logging][info][2023-05-16 15:06:02] Complete updateAjaxTestOption. New value: y
[WP STAGING Manual Logging][info][2023-05-16 15:06:02] {"headers":[],"body":"","response":{"code":false,"message":false},"cookies":[],"http_response":null}
[WP STAGING Manual Logging][info][2023-05-16 15:06:02] runAjaxFeatureTest waited 0.0 seconds...
[WP STAGING Manual Logging][info][2023-05-16 15:06:03] Fetched is equal to: y
[WP STAGING Manual Logging][info][2023-05-16 15:06:03] Fetched is equal to (get_option): y
[WP STAGING Manual Logging][info][2023-05-16 15:06:03] runAjaxFeatureTest worked
[WP STAGING Manual Logging][info][2023-05-16 15:06:03] Running Queue Maintenance.
[WP STAGING Manual Logging][info][2023-05-16 15:06:03] Removed 0 actions that were last updated before 2023-05-09 19:06:03.
[WP STAGING Manual Logging][info][2023-05-17 15:03:22] Running Queue Maintenance.
[WP STAGING Manual Logging][info][2023-05-17 15:03:22] Removed 0 actions that were last updated before 2023-05-10 19:03:22.
[WP STAGING Manual Logging][info][2023-05-18 15:05:24] Running Queue Maintenance.
[WP STAGING Manual Logging][info][2023-05-18 15:05:24] Removed 0 actions that were last updated before 2023-05-11 19:05:24.
[WP STAGING Manual Logging][info][2023-05-19 15:05:44] Running Queue Maintenance.
[WP STAGING Manual Logging][info][2023-05-19 15:05:44] Removed 0 actions that were last updated before 2023-05-12 19:05:44.
[WP STAGING Manual Logging][info][2023-05-20 15:06:00] Running Queue Maintenance.
[WP STAGING Manual Logging][info][2023-05-20 15:06:00] Removed 0 actions that were last updated before 2023-05-13 19:06:00.
[WP STAGING Manual Logging][info][2023-05-21 15:03:09] Running Queue Maintenance.
[WP STAGING Manual Logging][info][2023-05-21 15:03:09] Removed 0 actions that were last updated before 2023-05-14 19:03:09.
[WP STAGING Manual Logging][info][2023-05-22 15:03:06] Running Queue Maintenance.
[WP STAGING Manual Logging][info][2023-05-22 15:03:06] Removed 0 actions that were last updated before 2023-05-15 19:03:06.
[WP STAGING Manual Logging][info][2023-05-23 15:06:02] Starting from a clean state...
[WP STAGING Manual Logging][info][2023-05-23 15:06:02] Sending request to: https://retourautravail.irsst.qc.ca/wp-admin/admin-ajax.php?action=wpstg_ajax_test_action&_ajax_nonce=87cca7b8a0
[WP STAGING Manual Logging][info][2023-05-23 15:06:02] Running updateAjaxTestOption
[WP STAGING Manual Logging][info][2023-05-23 15:06:02] Complete updateAjaxTestOption. New value: y
[WP STAGING Manual Logging][info][2023-05-23 15:06:02] {"headers":[],"body":"","response":{"code":false,"message":false},"cookies":[],"http_response":null}
[WP STAGING Manual Logging][info][2023-05-23 15:06:02] runAjaxFeatureTest waited 0.0 seconds...
[WP STAGING Manual Logging][info][2023-05-23 15:06:03] Fetched is equal to: y
[WP STAGING Manual Logging][info][2023-05-23 15:06:03] Fetched is equal to (get_option): y
[WP STAGING Manual Logging][info][2023-05-23 15:06:03] runAjaxFeatureTest worked
[WP STAGING Manual Logging][info][2023-05-23 15:06:03] Running Queue Maintenance.
[WP STAGING Manual Logging][info][2023-05-23 15:06:03] Removed 0 actions that were last updated before 2023-05-16 19:06:03.
[WP STAGING Manual Logging][info][2023-05-24 15:04:14] Running Queue Maintenance.
[WP STAGING Manual Logging][info][2023-05-24 15:04:14] Removed 0 actions that were last updated before 2023-05-17 19:04:14.
[WP STAGING Manual Logging][info][2023-05-25 15:06:27] Running Queue Maintenance.
[WP STAGING Manual Logging][info][2023-05-25 15:06:27] Removed 0 actions that were last updated before 2023-05-18 19:06:27.
[WP STAGING Manual Logging][info][2023-05-26 15:06:26] Running Queue Maintenance.
[WP STAGING Manual Logging][info][2023-05-26 15:06:26] Removed 0 actions that were last updated before 2023-05-19 19:06:26.
[WP STAGING Manual Logging][info][2023-05-27 15:06:26] Running Queue Maintenance.
[WP STAGING Manual Logging][info][2023-05-27 15:06:26] Removed 0 actions that were last updated before 2023-05-20 19:06:26.
[WP STAGING Manual Logging][info][2023-05-28 15:03:39] Running Queue Maintenance.
[WP STAGING Manual Logging][info][2023-05-28 15:03:39] Removed 0 actions that were last updated before 2023-05-21 19:03:39.
[WP STAGING Manual Logging][info][2023-05-29 15:03:38] Running Queue Maintenance.
[WP STAGING Manual Logging][info][2023-05-29 15:03:38] Removed 0 actions that were last updated before 2023-05-22 19:03:38.
[WP STAGING Manual Logging][info][2023-05-30 15:03:38] Starting from a clean state...
[WP STAGING Manual Logging][info][2023-05-30 15:03:38] Sending request to: https://retourautravail.irsst.qc.ca/wp-admin/admin-ajax.php?action=wpstg_ajax_test_action&_ajax_nonce=0734964fe6
[WP STAGING Manual Logging][info][2023-05-30 15:03:38] Running updateAjaxTestOption
[WP STAGING Manual Logging][info][2023-05-30 15:03:38] Complete updateAjaxTestOption. New value: y
[WP STAGING Manual Logging][info][2023-05-30 15:03:38] {"headers":[],"body":"","response":{"code":false,"message":false},"cookies":[],"http_response":null}
[WP STAGING Manual Logging][info][2023-05-30 15:03:38] runAjaxFeatureTest waited 0.0 seconds...
[WP STAGING Manual Logging][info][2023-05-30 15:03:39] Fetched is equal to: y
[WP STAGING Manual Logging][info][2023-05-30 15:03:39] Fetched is equal to (get_option): y
[WP STAGING Manual Logging][info][2023-05-30 15:03:39] runAjaxFeatureTest worked
[WP STAGING Manual Logging][info][2023-05-30 15:03:39] Running Queue Maintenance.
[WP STAGING Manual Logging][info][2023-05-30 15:03:39] Removed 0 actions that were last updated before 2023-05-23 19:03:39.
[WP STAGING Manual Logging][info][2023-05-31 15:03:37] Running Queue Maintenance.
[WP STAGING Manual Logging][info][2023-05-31 15:03:37] Removed 0 actions that were last updated before 2023-05-24 19:03:37.
[WP STAGING Manual Logging][info][2023-06-01 15:03:22] Running Queue Maintenance.
[WP STAGING Manual Logging][info][2023-06-01 15:03:22] Removed 0 actions that were last updated before 2023-05-25 19:03:22.
[WP STAGING Manual Logging][info][2023-06-02 15:02:25] Running Queue Maintenance.
[WP STAGING Manual Logging][info][2023-06-02 15:02:25] Removed 0 actions that were last updated before 2023-05-26 19:02:25.
[WP STAGING Manual Logging][info][2023-06-03 15:05:42] Running Queue Maintenance.
[WP STAGING Manual Logging][info][2023-06-03 15:05:42] Removed 0 actions that were last updated before 2023-05-27 19:05:42.
[WP STAGING Manual Logging][info][2023-06-04 15:05:42] Running Queue Maintenance.
[WP STAGING Manual Logging][info][2023-06-04 15:05:42] Removed 0 actions that were last updated before 2023-05-28 19:05:42.
[WP STAGING Manual Logging][info][2023-06-05 15:05:15] Running Queue Maintenance.
[WP STAGING Manual Logging][info][2023-06-05 15:05:15] Removed 0 actions that were last updated before 2023-05-29 19:05:15.
[WP STAGING Manual Logging][info][2023-06-06 15:04:04] Starting from a clean state...
[WP STAGING Manual Logging][info][2023-06-06 15:04:04] Sending request to: https://retourautravail.irsst.qc.ca/wp-admin/admin-ajax.php?action=wpstg_ajax_test_action&_ajax_nonce=8c13e71e34
[WP STAGING Manual Logging][info][2023-06-06 15:04:04] Running updateAjaxTestOption
[WP STAGING Manual Logging][info][2023-06-06 15:04:04] Complete updateAjaxTestOption. New value: y
[WP STAGING Manual Logging][info][2023-06-06 15:04:04] {"headers":[],"body":"","response":{"code":false,"message":false},"cookies":[],"http_response":null}
[WP STAGING Manual Logging][info][2023-06-06 15:04:04] runAjaxFeatureTest waited 0.0 seconds...
[WP STAGING Manual Logging][info][2023-06-06 15:04:05] Fetched is equal to: y
[WP STAGING Manual Logging][info][2023-06-06 15:04:05] Fetched is equal to (get_option): y
[WP STAGING Manual Logging][info][2023-06-06 15:04:05] runAjaxFeatureTest worked
[WP STAGING Manual Logging][info][2023-06-06 15:04:05] Running Queue Maintenance.
[WP STAGING Manual Logging][info][2023-06-06 15:04:05] Removed 0 actions that were last updated before 2023-05-30 19:04:05.
[WP STAGING Manual Logging][info][2023-06-07 15:04:04] Running Queue Maintenance.
[WP STAGING Manual Logging][info][2023-06-07 15:04:04] Removed 0 actions that were last updated before 2023-05-31 19:04:04.
[WP STAGING Manual Logging][info][2023-06-08 15:02:23] Running Queue Maintenance.
[WP STAGING Manual Logging][info][2023-06-08 15:02:23] Removed 0 actions that were last updated before 2023-06-01 19:02:23.
[WP STAGING Manual Logging][info][2023-06-09 15:04:03] Running Queue Maintenance.
[WP STAGING Manual Logging][info][2023-06-09 15:04:03] Removed 0 actions that were last updated before 2023-06-02 19:04:03.
[WP STAGING Manual Logging][info][2023-06-10 15:04:03] Running Queue Maintenance.
[WP STAGING Manual Logging][info][2023-06-10 15:04:03] Removed 0 actions that were last updated before 2023-06-03 19:04:03.
[WP STAGING Manual Logging][info][2023-06-11 15:04:03] Running Queue Maintenance.
[WP STAGING Manual Logging][info][2023-06-11 15:04:03] Removed 0 actions that were last updated before 2023-06-04 19:04:03.
[WP STAGING Manual Logging][info][2023-06-12 15:04:03] Running Queue Maintenance.
[WP STAGING Manual Logging][info][2023-06-12 15:04:03] Removed 0 actions that were last updated before 2023-06-05 19:04:03.
[WP STAGING Manual Logging][info][2023-06-13 15:04:03] Starting from a clean state...
[WP STAGING Manual Logging][info][2023-06-13 15:04:03] Sending request to: https://retourautravail.irsst.qc.ca/wp-admin/admin-ajax.php?action=wpstg_ajax_test_action&_ajax_nonce=c636f04d4b
[WP STAGING Manual Logging][info][2023-06-13 15:04:03] Running updateAjaxTestOption
[WP STAGING Manual Logging][info][2023-06-13 15:04:03] Complete updateAjaxTestOption. New value: y
[WP STAGING Manual Logging][info][2023-06-13 15:04:03] {"headers":[],"body":"","response":{"code":false,"message":false},"cookies":[],"http_response":null}
[WP STAGING Manual Logging][info][2023-06-13 15:04:03] runAjaxFeatureTest waited 0.0 seconds...
[WP STAGING Manual Logging][info][2023-06-13 15:04:04] Fetched is equal to: y
[WP STAGING Manual Logging][info][2023-06-13 15:04:04] Fetched is equal to (get_option): y
[WP STAGING Manual Logging][info][2023-06-13 15:04:04] runAjaxFeatureTest worked
[WP STAGING Manual Logging][info][2023-06-13 15:04:04] Running Queue Maintenance.
[WP STAGING Manual Logging][info][2023-06-13 15:04:04] Removed 0 actions that were last updated before 2023-06-06 19:04:04.
[WP STAGING Manual Logging][info][2023-06-14 15:05:29] Running Queue Maintenance.
[WP STAGING Manual Logging][info][2023-06-14 15:05:29] Removed 0 actions that were last updated before 2023-06-07 19:05:29.
[WP STAGING Manual Logging][info][2023-06-15 15:05:23] Running Queue Maintenance.
[WP STAGING Manual Logging][info][2023-06-15 15:05:23] Removed 0 actions that were last updated before 2023-06-08 19:05:23.
[WP STAGING Manual Logging][info][2023-06-16 15:05:17] Running Queue Maintenance.
[WP STAGING Manual Logging][info][2023-06-16 15:05:17] Removed 0 actions that were last updated before 2023-06-09 19:05:17.
[WP STAGING Manual Logging][info][2023-06-17 15:04:07] Running Queue Maintenance.
[WP STAGING Manual Logging][info][2023-06-17 15:04:07] Removed 0 actions that were last updated before 2023-06-10 19:04:07.
[WP STAGING Manual Logging][info][2023-06-18 15:04:03] Running Queue Maintenance.
[WP STAGING Manual Logging][info][2023-06-18 15:04:03] Removed 0 actions that were last updated before 2023-06-11 19:04:03.
[WP STAGING Manual Logging][info][2023-06-19 15:03:58] Running Queue Maintenance.
[WP STAGING Manual Logging][info][2023-06-19 15:03:58] Removed 0 actions that were last updated before 2023-06-12 19:03:58.
[WP STAGING Manual Logging][info][2023-06-20 15:03:58] Starting from a clean state...
[WP STAGING Manual Logging][info][2023-06-20 15:03:58] Sending request to: https://retourautravail.irsst.qc.ca/wp-admin/admin-ajax.php?action=wpstg_ajax_test_action&_ajax_nonce=f127981bde
[WP STAGING Manual Logging][info][2023-06-20 15:03:58] Running updateAjaxTestOption
[WP STAGING Manual Logging][info][2023-06-20 15:03:58] Complete updateAjaxTestOption. New value: y
[WP STAGING Manual Logging][info][2023-06-20 15:03:58] {"headers":[],"body":"","response":{"code":false,"message":false},"cookies":[],"http_response":null}
[WP STAGING Manual Logging][info][2023-06-20 15:03:58] runAjaxFeatureTest waited 0.0 seconds...
[WP STAGING Manual Logging][info][2023-06-20 15:03:59] Fetched is equal to: y
[WP STAGING Manual Logging][info][2023-06-20 15:03:59] Fetched is equal to (get_option): y
[WP STAGING Manual Logging][info][2023-06-20 15:03:59] runAjaxFeatureTest worked
[WP STAGING Manual Logging][info][2023-06-20 15:03:59] Running Queue Maintenance.
[WP STAGING Manual Logging][info][2023-06-20 15:03:59] Removed 0 actions that were last updated before 2023-06-13 19:03:59.
[WP STAGING Manual Logging][info][2023-06-21 15:03:46] Running Queue Maintenance.
[WP STAGING Manual Logging][info][2023-06-21 15:03:46] Removed 0 actions that were last updated before 2023-06-14 19:03:46.
[WP STAGING Manual Logging][info][2023-06-22 15:02:50] Running Queue Maintenance.
[WP STAGING Manual Logging][info][2023-06-22 15:02:50] Removed 0 actions that were last updated before 2023-06-15 19:02:50.
[WP STAGING Manual Logging][info][2023-06-23 15:04:27] Running Queue Maintenance.
[WP STAGING Manual Logging][info][2023-06-23 15:04:27] Removed 0 actions that were last updated before 2023-06-16 19:04:27.
[WP STAGING Manual Logging][info][2023-06-24 15:04:02] Running Queue Maintenance.
[WP STAGING Manual Logging][info][2023-06-24 15:04:02] Removed 0 actions that were last updated before 2023-06-17 19:04:02.
[WP STAGING Manual Logging][info][2023-06-25 15:03:18] Running Queue Maintenance.
[WP STAGING Manual Logging][info][2023-06-25 15:03:18] Removed 0 actions that were last updated before 2023-06-18 19:03:18.
[WP STAGING Manual Logging][info][2023-06-26 15:04:20] Running Queue Maintenance.
[WP STAGING Manual Logging][info][2023-06-26 15:04:20] Removed 0 actions that were last updated before 2023-06-19 19:04:20.
[WP STAGING Manual Logging][info][2023-06-27 15:02:42] Starting from a clean state...
[WP STAGING Manual Logging][info][2023-06-27 15:02:42] Sending request to: https://retourautravail.irsst.qc.ca/wp-admin/admin-ajax.php?action=wpstg_ajax_test_action&_ajax_nonce=20a49dcf5f
[WP STAGING Manual Logging][info][2023-06-27 15:02:42] Running updateAjaxTestOption
[WP STAGING Manual Logging][info][2023-06-27 15:02:42] Complete updateAjaxTestOption. New value: y
[WP STAGING Manual Logging][info][2023-06-27 15:02:42] {"headers":[],"body":"","response":{"code":false,"message":false},"cookies":[],"http_response":null}
[WP STAGING Manual Logging][info][2023-06-27 15:02:42] runAjaxFeatureTest waited 0.0 seconds...
[WP STAGING Manual Logging][info][2023-06-27 15:02:42] Fetched is equal to: y
[WP STAGING Manual Logging][info][2023-06-27 15:02:42] Fetched is equal to (get_option): y
[WP STAGING Manual Logging][info][2023-06-27 15:02:42] runAjaxFeatureTest worked
[WP STAGING Manual Logging][info][2023-06-27 15:02:42] Running Queue Maintenance.
[WP STAGING Manual Logging][info][2023-06-27 15:02:42] Removed 0 actions that were last updated before 2023-06-20 19:02:42.
[WP STAGING Manual Logging][info][2023-06-28 15:04:29] Running Queue Maintenance.
[WP STAGING Manual Logging][info][2023-06-28 15:04:29] Removed 0 actions that were last updated before 2023-06-21 19:04:29.
[WP STAGING Manual Logging][info][2023-06-29 15:04:27] Running Queue Maintenance.
[WP STAGING Manual Logging][info][2023-06-29 15:04:27] Removed 0 actions that were last updated before 2023-06-22 19:04:27.
[WP STAGING Manual Logging][info][2023-06-30 15:04:24] Running Queue Maintenance.
[WP STAGING Manual Logging][info][2023-06-30 15:04:24] Removed 0 actions that were last updated before 2023-06-23 19:04:24.
[WP STAGING Manual Logging][info][2023-07-01 15:04:24] Running Queue Maintenance.
[WP STAGING Manual Logging][info][2023-07-01 15:04:24] Removed 0 actions that were last updated before 2023-06-24 19:04:24.
[WP STAGING Manual Logging][info][2023-07-02 15:04:22] Running Queue Maintenance.
[WP STAGING Manual Logging][info][2023-07-02 15:04:22] Removed 0 actions that were last updated before 2023-06-25 19:04:22.
[WP STAGING Manual Logging][info][2023-07-03 15:04:20] Running Queue Maintenance.
[WP STAGING Manual Logging][info][2023-07-03 15:04:20] Removed 0 actions that were last updated before 2023-06-26 19:04:20.
[WP STAGING Manual Logging][info][2023-07-04 15:04:19] Starting from a clean state...
[WP STAGING Manual Logging][info][2023-07-04 15:04:19] Sending request to: https://retourautravail.irsst.qc.ca/wp-admin/admin-ajax.php?action=wpstg_ajax_test_action&_ajax_nonce=c596841aaf
[WP STAGING Manual Logging][info][2023-07-04 15:04:19] Running updateAjaxTestOption
[WP STAGING Manual Logging][info][2023-07-04 15:04:19] Complete updateAjaxTestOption. New value: y
[WP STAGING Manual Logging][info][2023-07-04 15:04:19] {"headers":[],"body":"","response":{"code":false,"message":false},"cookies":[],"http_response":null}
[WP STAGING Manual Logging][info][2023-07-04 15:04:19] runAjaxFeatureTest waited 0.0 seconds...
[WP STAGING Manual Logging][info][2023-07-04 15:04:20] Fetched is equal to: y
[WP STAGING Manual Logging][info][2023-07-04 15:04:20] Fetched is equal to (get_option): y
[WP STAGING Manual Logging][info][2023-07-04 15:04:20] runAjaxFeatureTest worked
[WP STAGING Manual Logging][info][2023-07-04 15:04:20] Running Queue Maintenance.
[WP STAGING Manual Logging][info][2023-07-04 15:04:20] Removed 0 actions that were last updated before 2023-06-27 19:04:20.
[WP STAGING Manual Logging][info][2023-07-05 15:04:17] Running Queue Maintenance.
[WP STAGING Manual Logging][info][2023-07-05 15:04:17] Removed 0 actions that were last updated before 2023-06-28 19:04:17.
[WP STAGING Manual Logging][info][2023-07-06 15:02:19] Running Queue Maintenance.
[WP STAGING Manual Logging][info][2023-07-06 15:02:19] Removed 0 actions that were last updated before 2023-06-29 19:02:19.
[WP STAGING Manual Logging][info][2023-07-07 15:02:31] Running Queue Maintenance.
[WP STAGING Manual Logging][info][2023-07-07 15:02:31] Removed 0 actions that were last updated before 2023-06-30 19:02:31.
[WP STAGING Manual Logging][info][2023-07-08 15:04:15] Running Queue Maintenance.
[WP STAGING Manual Logging][info][2023-07-08 15:04:15] Removed 0 actions that were last updated before 2023-07-01 19:04:15.
[WP STAGING Manual Logging][info][2023-07-09 15:04:14] Running Queue Maintenance.
[WP STAGING Manual Logging][info][2023-07-09 15:04:14] Removed 0 actions that were last updated before 2023-07-02 19:04:14.
[WP STAGING Manual Logging][info][2023-07-10 15:02:33] Running Queue Maintenance.
[WP STAGING Manual Logging][info][2023-07-10 15:02:33] Removed 0 actions that were last updated before 2023-07-03 19:02:33.
[WP STAGING Manual Logging][info][2023-07-11 15:04:13] Starting from a clean state...
[WP STAGING Manual Logging][info][2023-07-11 15:04:13] Sending request to: https://retourautravail.irsst.qc.ca/wp-admin/admin-ajax.php?action=wpstg_ajax_test_action&_ajax_nonce=62fb2c08a5
[WP STAGING Manual Logging][info][2023-07-11 15:04:13] Running updateAjaxTestOption
[WP STAGING Manual Logging][info][2023-07-11 15:04:13] Complete updateAjaxTestOption. New value: y
[WP STAGING Manual Logging][info][2023-07-11 15:04:13] {"headers":[],"body":"","response":{"code":false,"message":false},"cookies":[],"http_response":null}
[WP STAGING Manual Logging][info][2023-07-11 15:04:13] runAjaxFeatureTest waited 0.0 seconds...
[WP STAGING Manual Logging][info][2023-07-11 15:04:14] Fetched is equal to: y
[WP STAGING Manual Logging][info][2023-07-11 15:04:14] Fetched is equal to (get_option): y
[WP STAGING Manual Logging][info][2023-07-11 15:04:14] runAjaxFeatureTest worked
[WP STAGING Manual Logging][info][2023-07-11 15:04:14] Running Queue Maintenance.
[WP STAGING Manual Logging][info][2023-07-11 15:04:14] Removed 0 actions that were last updated before 2023-07-04 19:04:14.
[WP STAGING Manual Logging][info][2023-07-12 15:08:08] Running Queue Maintenance.
[WP STAGING Manual Logging][info][2023-07-12 15:08:08] Removed 0 actions that were last updated before 2023-07-05 19:08:08.
[WP STAGING Manual Logging][info][2023-07-13 15:05:55] Running Queue Maintenance.
[WP STAGING Manual Logging][info][2023-07-13 15:05:55] Removed 0 actions that were last updated before 2023-07-06 19:05:55.
[WP STAGING Manual Logging][info][2023-07-14 15:05:55] Running Queue Maintenance.
[WP STAGING Manual Logging][info][2023-07-14 15:05:55] Removed 0 actions that were last updated before 2023-07-07 19:05:55.
[WP STAGING Manual Logging][info][2023-07-15 15:05:55] Running Queue Maintenance.
[WP STAGING Manual Logging][info][2023-07-15 15:05:55] Removed 0 actions that were last updated before 2023-07-08 19:05:55.
[WP STAGING Manual Logging][info][2023-07-16 15:05:55] Running Queue Maintenance.
[WP STAGING Manual Logging][info][2023-07-16 15:05:55] Removed 0 actions that were last updated before 2023-07-09 19:05:55.
[WP STAGING Manual Logging][info][2023-07-17 15:05:53] Running Queue Maintenance.
[WP STAGING Manual Logging][info][2023-07-17 15:05:53] Removed 0 actions that were last updated before 2023-07-10 19:05:53.
[WP STAGING Manual Logging][info][2023-07-18 15:03:28] Starting from a clean state...
[WP STAGING Manual Logging][info][2023-07-18 15:03:28] Sending request to: https://retourautravail.irsst.qc.ca/wp-admin/admin-ajax.php?action=wpstg_ajax_test_action&_ajax_nonce=7ebcd41ff4
[WP STAGING Manual Logging][info][2023-07-18 15:03:28] Running updateAjaxTestOption
[WP STAGING Manual Logging][info][2023-07-18 15:03:28] Complete updateAjaxTestOption. New value: y
[WP STAGING Manual Logging][info][2023-07-18 15:03:28] {"headers":[],"body":"","response":{"code":false,"message":false},"cookies":[],"http_response":null}
[WP STAGING Manual Logging][info][2023-07-18 15:03:28] runAjaxFeatureTest waited 0.0 seconds...
[WP STAGING Manual Logging][info][2023-07-18 15:03:29] Fetched is equal to: y
[WP STAGING Manual Logging][info][2023-07-18 15:03:29] Fetched is equal to (get_option): y
[WP STAGING Manual Logging][info][2023-07-18 15:03:29] runAjaxFeatureTest worked
[WP STAGING Manual Logging][info][2023-07-18 15:03:29] Running Queue Maintenance.
[WP STAGING Manual Logging][info][2023-07-18 15:03:29] Removed 0 actions that were last updated before 2023-07-11 19:03:29.
[WP STAGING Manual Logging][info][2023-07-19 15:03:21] Running Queue Maintenance.
[WP STAGING Manual Logging][info][2023-07-19 15:03:21] Removed 0 actions that were last updated before 2023-07-12 19:03:21.
[WP STAGING Manual Logging][info][2023-07-20 15:02:19] Running Queue Maintenance.
[WP STAGING Manual Logging][info][2023-07-20 15:02:19] Removed 0 actions that were last updated before 2023-07-13 19:02:19.
[WP STAGING Manual Logging][info][2023-07-21 15:05:51] Running Queue Maintenance.
[WP STAGING Manual Logging][info][2023-07-21 15:05:51] Removed 0 actions that were last updated before 2023-07-14 19:05:51.
[WP STAGING Manual Logging][info][2023-07-22 15:05:52] Running Queue Maintenance.
[WP STAGING Manual Logging][info][2023-07-22 15:05:52] Removed 0 actions that were last updated before 2023-07-15 19:05:52.
[WP STAGING Manual Logging][info][2023-07-23 15:05:51] Running Queue Maintenance.
[WP STAGING Manual Logging][info][2023-07-23 15:05:51] Removed 0 actions that were last updated before 2023-07-16 19:05:51.
[WP STAGING Manual Logging][info][2023-07-24 15:05:50] Running Queue Maintenance.
[WP STAGING Manual Logging][info][2023-07-24 15:05:50] Removed 0 actions that were last updated before 2023-07-17 19:05:50.
[WP STAGING Manual Logging][info][2023-07-25 15:03:35] Starting from a clean state...
[WP STAGING Manual Logging][info][2023-07-25 15:03:35] Sending request to: https://retourautravail.irsst.qc.ca/wp-admin/admin-ajax.php?action=wpstg_ajax_test_action&_ajax_nonce=a65b6e84f6
[WP STAGING Manual Logging][info][2023-07-25 15:03:36] Running updateAjaxTestOption
[WP STAGING Manual Logging][info][2023-07-25 15:03:36] Complete updateAjaxTestOption. New value: y
[WP STAGING Manual Logging][info][2023-07-25 15:03:36] {"headers":[],"body":"","response":{"code":false,"message":false},"cookies":[],"http_response":null}
[WP STAGING Manual Logging][info][2023-07-25 15:03:36] runAjaxFeatureTest waited 0.0 seconds...
[WP STAGING Manual Logging][info][2023-07-25 15:03:36] Fetched is equal to: y
[WP STAGING Manual Logging][info][2023-07-25 15:03:36] Fetched is equal to (get_option): y
[WP STAGING Manual Logging][info][2023-07-25 15:03:36] runAjaxFeatureTest worked
[WP STAGING Manual Logging][info][2023-07-25 15:03:36] Running Queue Maintenance.
[WP STAGING Manual Logging][info][2023-07-25 15:03:36] Removed 0 actions that were last updated before 2023-07-18 19:03:36.
[WP STAGING Manual Logging][info][2023-07-26 15:05:23] Running Queue Maintenance.
[WP STAGING Manual Logging][info][2023-07-26 15:05:23] Removed 0 actions that were last updated before 2023-07-19 19:05:23.
[WP STAGING Manual Logging][info][2023-07-27 15:04:04] Running Queue Maintenance.
[WP STAGING Manual Logging][info][2023-07-27 15:04:04] Removed 0 actions that were last updated before 2023-07-20 19:04:04.
[WP STAGING Manual Logging][info][2023-07-28 15:04:27] Running Queue Maintenance.
[WP STAGING Manual Logging][info][2023-07-28 15:04:27] Removed 0 actions that were last updated before 2023-07-21 19:04:27.
[WP STAGING Manual Logging][info][2023-07-29 15:04:24] Running Queue Maintenance.
[WP STAGING Manual Logging][info][2023-07-29 15:04:24] Removed 0 actions that were last updated before 2023-07-22 19:04:24.
[WP STAGING Manual Logging][info][2023-07-30 15:04:24] Running Queue Maintenance.
[WP STAGING Manual Logging][info][2023-07-30 15:04:24] Removed 0 actions that were last updated before 2023-07-23 19:04:24.
[WP STAGING Manual Logging][info][2023-07-31 15:04:24] Running Queue Maintenance.
[WP STAGING Manual Logging][info][2023-07-31 15:04:24] Removed 0 actions that were last updated before 2023-07-24 19:04:24.
[WP STAGING Manual Logging][info][2023-08-01 15:04:24] Starting from a clean state...
[WP STAGING Manual Logging][info][2023-08-01 15:04:24] Sending request to: https://retourautravail.irsst.qc.ca/wp-admin/admin-ajax.php?action=wpstg_ajax_test_action&_ajax_nonce=093493ffd0
[WP STAGING Manual Logging][info][2023-08-01 15:04:24] Running updateAjaxTestOption
[WP STAGING Manual Logging][info][2023-08-01 15:04:24] Complete updateAjaxTestOption. New value: y
[WP STAGING Manual Logging][info][2023-08-01 15:04:24] {"headers":[],"body":"","response":{"code":false,"message":false},"cookies":[],"http_response":null}
[WP STAGING Manual Logging][info][2023-08-01 15:04:24] runAjaxFeatureTest waited 0.0 seconds...
[WP STAGING Manual Logging][info][2023-08-01 15:04:25] Fetched is equal to: y
[WP STAGING Manual Logging][info][2023-08-01 15:04:25] Fetched is equal to (get_option): y
[WP STAGING Manual Logging][info][2023-08-01 15:04:25] runAjaxFeatureTest worked
[WP STAGING Manual Logging][info][2023-08-01 15:04:25] Running Queue Maintenance.
[WP STAGING Manual Logging][info][2023-08-01 15:04:25] Removed 0 actions that were last updated before 2023-07-25 19:04:25.
[WP STAGING Manual Logging][info][2023-08-02 15:05:42] Running Queue Maintenance.
[WP STAGING Manual Logging][info][2023-08-02 15:05:42] Removed 0 actions that were last updated before 2023-07-26 19:05:42.
[WP STAGING Manual Logging][info][2023-08-03 15:02:32] Running Queue Maintenance.
[WP STAGING Manual Logging][info][2023-08-03 15:02:32] Removed 0 actions that were last updated before 2023-07-27 19:02:32.
[WP STAGING Manual Logging][info][2023-08-04 15:02:32] Running Queue Maintenance.
[WP STAGING Manual Logging][info][2023-08-04 15:02:32] Removed 0 actions that were last updated before 2023-07-28 19:02:32.
[WP STAGING Manual Logging][info][2023-08-05 15:02:31] Running Queue Maintenance.
[WP STAGING Manual Logging][info][2023-08-05 15:02:31] Removed 0 actions that were last updated before 2023-07-29 19:02:31.
[WP STAGING Manual Logging][info][2023-08-06 15:02:31] Running Queue Maintenance.
[WP STAGING Manual Logging][info][2023-08-06 15:02:31] Removed 0 actions that were last updated before 2023-07-30 19:02:31.
[WP STAGING Manual Logging][info][2023-08-07 15:02:30] Running Queue Maintenance.
[WP STAGING Manual Logging][info][2023-08-07 15:02:30] Removed 0 actions that were last updated before 2023-07-31 19:02:30.
[WP STAGING Manual Logging][info][2023-08-08 15:04:59] Starting from a clean state...
[WP STAGING Manual Logging][info][2023-08-08 15:04:59] Sending request to: https://retourautravail.irsst.qc.ca/wp-admin/admin-ajax.php?action=wpstg_ajax_test_action&_ajax_nonce=b0a15f3b91
[WP STAGING Manual Logging][info][2023-08-08 15:04:59] Running updateAjaxTestOption
[WP STAGING Manual Logging][info][2023-08-08 15:04:59] Complete updateAjaxTestOption. New value: y
[WP STAGING Manual Logging][info][2023-08-08 15:04:59] {"headers":[],"body":"","response":{"code":false,"message":false},"cookies":[],"http_response":null}
[WP STAGING Manual Logging][info][2023-08-08 15:04:59] runAjaxFeatureTest waited 0.0 seconds...
[WP STAGING Manual Logging][info][2023-08-08 15:04:59] Fetched is equal to: y
[WP STAGING Manual Logging][info][2023-08-08 15:04:59] Fetched is equal to (get_option): y
[WP STAGING Manual Logging][info][2023-08-08 15:04:59] runAjaxFeatureTest worked
[WP STAGING Manual Logging][info][2023-08-08 15:04:59] Running Queue Maintenance.
[WP STAGING Manual Logging][info][2023-08-08 15:04:59] Removed 0 actions that were last updated before 2023-08-01 19:04:59.
[WP STAGING Manual Logging][info][2023-08-09 15:03:59] Running Queue Maintenance.
[WP STAGING Manual Logging][info][2023-08-09 15:03:59] Removed 0 actions that were last updated before 2023-08-02 19:03:59.
[WP STAGING Manual Logging][info][2023-08-10 15:03:39] Running Queue Maintenance.
[WP STAGING Manual Logging][info][2023-08-10 15:03:39] Removed 0 actions that were last updated before 2023-08-03 19:03:39.
[WP STAGING Manual Logging][info][2023-08-11 15:03:56] Running Queue Maintenance.
[WP STAGING Manual Logging][info][2023-08-11 15:03:56] Removed 0 actions that were last updated before 2023-08-04 19:03:56.
[WP STAGING Manual Logging][info][2023-08-12 15:03:55] Running Queue Maintenance.
[WP STAGING Manual Logging][info][2023-08-12 15:03:55] Removed 0 actions that were last updated before 2023-08-05 19:03:55.
[WP STAGING Manual Logging][info][2023-08-13 15:03:55] Running Queue Maintenance.
[WP STAGING Manual Logging][info][2023-08-13 15:03:55] Removed 0 actions that were last updated before 2023-08-06 19:03:55.
[WP STAGING Manual Logging][info][2023-08-14 15:03:55] Running Queue Maintenance.
[WP STAGING Manual Logging][info][2023-08-14 15:03:55] Removed 0 actions that were last updated before 2023-08-07 19:03:55.
[WP STAGING Manual Logging][info][2023-08-15 15:03:46] Starting from a clean state...
[WP STAGING Manual Logging][info][2023-08-15 15:03:46] Sending request to: https://retourautravail.irsst.qc.ca/wp-admin/admin-ajax.php?action=wpstg_ajax_test_action&_ajax_nonce=928a6db6a0
[WP STAGING Manual Logging][info][2023-08-15 15:03:47] Running updateAjaxTestOption
[WP STAGING Manual Logging][info][2023-08-15 15:03:47] Complete updateAjaxTestOption. New value: y
[WP STAGING Manual Logging][info][2023-08-15 15:03:47] {"headers":[],"body":"","response":{"code":false,"message":false},"cookies":[],"http_response":null}
[WP STAGING Manual Logging][info][2023-08-15 15:03:47] runAjaxFeatureTest waited 0.0 seconds...
[WP STAGING Manual Logging][info][2023-08-15 15:03:47] Fetched is equal to: y
[WP STAGING Manual Logging][info][2023-08-15 15:03:47] Fetched is equal to (get_option): y
[WP STAGING Manual Logging][info][2023-08-15 15:03:47] runAjaxFeatureTest worked
[WP STAGING Manual Logging][info][2023-08-15 15:03:47] Running Queue Maintenance.
[WP STAGING Manual Logging][info][2023-08-15 15:03:47] Removed 0 actions that were last updated before 2023-08-08 19:03:47.
[WP STAGING Manual Logging][info][2023-08-16 15:03:03] Running Queue Maintenance.
[WP STAGING Manual Logging][info][2023-08-16 15:03:03] Removed 0 actions that were last updated before 2023-08-09 19:03:03.
[WP STAGING Manual Logging][info][2023-08-17 15:03:02] Running Queue Maintenance.
[WP STAGING Manual Logging][info][2023-08-17 15:03:02] Removed 0 actions that were last updated before 2023-08-10 19:03:02.
[WP STAGING Manual Logging][info][2023-08-18 15:02:29] Running Queue Maintenance.
[WP STAGING Manual Logging][info][2023-08-18 15:02:29] Removed 0 actions that were last updated before 2023-08-11 19:02:29.
[WP STAGING Manual Logging][info][2023-08-19 15:03:51] Running Queue Maintenance.
[WP STAGING Manual Logging][info][2023-08-19 15:03:51] Removed 0 actions that were last updated before 2023-08-12 19:03:51.
[WP STAGING Manual Logging][info][2023-08-20 15:03:51] Running Queue Maintenance.
[WP STAGING Manual Logging][info][2023-08-20 15:03:51] Removed 0 actions that were last updated before 2023-08-13 19:03:51.
[WP STAGING Manual Logging][info][2023-08-21 15:03:50] Running Queue Maintenance.
[WP STAGING Manual Logging][info][2023-08-21 15:03:50] Removed 0 actions that were last updated before 2023-08-14 19:03:50.
[WP STAGING Manual Logging][info][2023-08-22 15:03:50] Starting from a clean state...
[WP STAGING Manual Logging][info][2023-08-22 15:03:50] Sending request to: https://retourautravail.irsst.qc.ca/wp-admin/admin-ajax.php?action=wpstg_ajax_test_action&_ajax_nonce=156ccdbe7b
[WP STAGING Manual Logging][info][2023-08-22 15:03:50] Running updateAjaxTestOption
[WP STAGING Manual Logging][info][2023-08-22 15:03:50] Complete updateAjaxTestOption. New value: y
[WP STAGING Manual Logging][info][2023-08-22 15:03:50] {"headers":[],"body":"","response":{"code":false,"message":false},"cookies":[],"http_response":null}
[WP STAGING Manual Logging][info][2023-08-22 15:03:50] runAjaxFeatureTest waited 0.0 seconds...
[WP STAGING Manual Logging][info][2023-08-22 15:03:51] Fetched is equal to: y
[WP STAGING Manual Logging][info][2023-08-22 15:03:51] Fetched is equal to (get_option): y
[WP STAGING Manual Logging][info][2023-08-22 15:03:51] runAjaxFeatureTest worked
[WP STAGING Manual Logging][info][2023-08-22 15:03:51] Running Queue Maintenance.
[WP STAGING Manual Logging][info][2023-08-22 15:03:51] Removed 0 actions that were last updated before 2023-08-15 19:03:51.
[WP STAGING Manual Logging][info][2023-08-23 15:07:28] Running Queue Maintenance.
[WP STAGING Manual Logging][info][2023-08-23 15:07:28] Removed 0 actions that were last updated before 2023-08-16 19:07:28.
[WP STAGING Manual Logging][info][2023-08-24 15:04:25] Running Queue Maintenance.
[WP STAGING Manual Logging][info][2023-08-24 15:04:25] Removed 0 actions that were last updated before 2023-08-17 19:04:25.
[WP STAGING Manual Logging][info][2023-08-25 15:04:03] Running Queue Maintenance.
[WP STAGING Manual Logging][info][2023-08-25 15:04:03] Removed 0 actions that were last updated before 2023-08-18 19:04:03.
[WP STAGING Manual Logging][info][2023-08-26 15:04:01] Running Queue Maintenance.
[WP STAGING Manual Logging][info][2023-08-26 15:04:01] Removed 0 actions that were last updated before 2023-08-19 19:04:01.
[WP STAGING Manual Logging][info][2023-08-27 15:05:18] Running Queue Maintenance.
[WP STAGING Manual Logging][info][2023-08-27 15:05:18] Removed 0 actions that were last updated before 2023-08-20 19:05:18.
[WP STAGING Manual Logging][info][2023-08-28 15:03:44] Running Queue Maintenance.
[WP STAGING Manual Logging][info][2023-08-28 15:03:44] Removed 0 actions that were last updated before 2023-08-21 19:03:44.
[WP STAGING Manual Logging][info][2023-08-29 15:02:45] Starting from a clean state...
[WP STAGING Manual Logging][info][2023-08-29 15:02:45] Sending request to: https://retourautravail.irsst.qc.ca/wp-admin/admin-ajax.php?action=wpstg_ajax_test_action&_ajax_nonce=f573570444
[WP STAGING Manual Logging][info][2023-08-29 15:02:45] Running updateAjaxTestOption
[WP STAGING Manual Logging][info][2023-08-29 15:02:45] Complete updateAjaxTestOption. New value: y
[WP STAGING Manual Logging][info][2023-08-29 15:02:45] {"headers":[],"body":"","response":{"code":false,"message":false},"cookies":[],"http_response":null}
[WP STAGING Manual Logging][info][2023-08-29 15:02:45] runAjaxFeatureTest waited 0.0 seconds...
[WP STAGING Manual Logging][info][2023-08-29 15:02:45] Fetched is equal to: y
[WP STAGING Manual Logging][info][2023-08-29 15:02:45] Fetched is equal to (get_option): y
[WP STAGING Manual Logging][info][2023-08-29 15:02:45] runAjaxFeatureTest worked
[WP STAGING Manual Logging][info][2023-08-29 15:02:45] Running Queue Maintenance.
[WP STAGING Manual Logging][info][2023-08-29 15:02:45] Removed 0 actions that were last updated before 2023-08-22 19:02:45.
[WP STAGING Manual Logging][info][2023-08-30 15:05:17] Running Queue Maintenance.
[WP STAGING Manual Logging][info][2023-08-30 15:05:17] Removed 0 actions that were last updated before 2023-08-23 19:05:17.
[WP STAGING Manual Logging][info][2023-08-31 15:03:58] Running Queue Maintenance.
[WP STAGING Manual Logging][info][2023-08-31 15:03:58] Removed 0 actions that were last updated before 2023-08-24 19:03:58.
[WP STAGING Manual Logging][info][2023-09-01 15:03:57] Running Queue Maintenance.
[WP STAGING Manual Logging][info][2023-09-01 15:03:57] Removed 0 actions that were last updated before 2023-08-25 19:03:57.
[WP STAGING Manual Logging][info][2023-09-02 15:03:57] Running Queue Maintenance.
[WP STAGING Manual Logging][info][2023-09-02 15:03:57] Removed 0 actions that were last updated before 2023-08-26 19:03:57.
[WP STAGING Manual Logging][info][2023-09-03 15:03:56] Running Queue Maintenance.
[WP STAGING Manual Logging][info][2023-09-03 15:03:56] Removed 0 actions that were last updated before 2023-08-27 19:03:56.
[WP STAGING Manual Logging][info][2023-09-04 15:03:52] Running Queue Maintenance.
[WP STAGING Manual Logging][info][2023-09-04 15:03:52] Removed 0 actions that were last updated before 2023-08-28 19:03:52.
[WP STAGING Manual Logging][info][2023-09-05 15:03:51] Starting from a clean state...
[WP STAGING Manual Logging][info][2023-09-05 15:03:51] Sending request to: https://retourautravail.irsst.qc.ca/wp-admin/admin-ajax.php?action=wpstg_ajax_test_action&_ajax_nonce=bb6ad9bf3e
[WP STAGING Manual Logging][info][2023-09-05 15:03:51] Running updateAjaxTestOption
[WP STAGING Manual Logging][info][2023-09-05 15:03:51] Complete updateAjaxTestOption. New value: y
[WP STAGING Manual Logging][info][2023-09-05 15:03:51] {"headers":[],"body":"","response":{"code":false,"message":false},"cookies":[],"http_response":null}
[WP STAGING Manual Logging][info][2023-09-05 15:03:51] runAjaxFeatureTest waited 0.0 seconds...
[WP STAGING Manual Logging][info][2023-09-05 15:03:52] Fetched is equal to: y
[WP STAGING Manual Logging][info][2023-09-05 15:03:52] Fetched is equal to (get_option): y
[WP STAGING Manual Logging][info][2023-09-05 15:03:52] runAjaxFeatureTest worked
[WP STAGING Manual Logging][info][2023-09-05 15:03:52] Running Queue Maintenance.
[WP STAGING Manual Logging][info][2023-09-05 15:03:52] Removed 0 actions that were last updated before 2023-08-29 19:03:52.
[WP STAGING Manual Logging][info][2023-09-06 15:03:50] Running Queue Maintenance.
[WP STAGING Manual Logging][info][2023-09-06 15:03:50] Removed 0 actions that were last updated before 2023-08-30 19:03:50.
[WP STAGING Manual Logging][info][2023-09-07 15:03:51] Running Queue Maintenance.
[WP STAGING Manual Logging][info][2023-09-07 15:03:51] Removed 0 actions that were last updated before 2023-08-31 19:03:51.
[WP STAGING Manual Logging][info][2023-09-08 15:04:11] Running Queue Maintenance.
[WP STAGING Manual Logging][info][2023-09-08 15:04:11] Removed 0 actions that were last updated before 2023-09-01 19:04:11.
[WP STAGING Manual Logging][info][2023-09-09 15:03:10] Running Queue Maintenance.
[WP STAGING Manual Logging][info][2023-09-09 15:03:10] Removed 0 actions that were last updated before 2023-09-02 19:03:10.
[WP STAGING Manual Logging][info][2023-09-10 15:04:14] Running Queue Maintenance.
[WP STAGING Manual Logging][info][2023-09-10 15:04:14] Removed 0 actions that were last updated before 2023-09-03 19:04:14.
[WP STAGING Manual Logging][info][2023-09-11 15:04:13] Running Queue Maintenance.
[WP STAGING Manual Logging][info][2023-09-11 15:04:13] Removed 0 actions that were last updated before 2023-09-04 19:04:13.
[WP STAGING Manual Logging][info][2023-09-12 15:04:12] Starting from a clean state...
[WP STAGING Manual Logging][info][2023-09-12 15:04:12] Sending request to: https://retourautravail.irsst.qc.ca/wp-admin/admin-ajax.php?action=wpstg_ajax_test_action&_ajax_nonce=a65d58e217
[WP STAGING Manual Logging][info][2023-09-12 15:04:12] Running updateAjaxTestOption
[WP STAGING Manual Logging][info][2023-09-12 15:04:12] Complete updateAjaxTestOption. New value: y
[WP STAGING Manual Logging][info][2023-09-12 15:04:12] {"headers":[],"body":"","response":{"code":false,"message":false},"cookies":[],"http_response":null}
[WP STAGING Manual Logging][info][2023-09-12 15:04:12] runAjaxFeatureTest waited 0.0 seconds...
[WP STAGING Manual Logging][info][2023-09-12 15:04:13] Fetched is equal to: y
[WP STAGING Manual Logging][info][2023-09-12 15:04:13] Fetched is equal to (get_option): y
[WP STAGING Manual Logging][info][2023-09-12 15:04:13] runAjaxFeatureTest worked
[WP STAGING Manual Logging][info][2023-09-12 15:04:13] Running Queue Maintenance.
[WP STAGING Manual Logging][info][2023-09-12 15:04:13] Removed 0 actions that were last updated before 2023-09-05 19:04:13.
[WP STAGING Manual Logging][info][2023-09-13 15:04:10] Running Queue Maintenance.
[WP STAGING Manual Logging][info][2023-09-13 15:04:10] Removed 0 actions that were last updated before 2023-09-06 19:04:10.
[WP STAGING Manual Logging][info][2023-09-14 15:04:55] Running Queue Maintenance.
[WP STAGING Manual Logging][info][2023-09-14 15:04:55] Removed 0 actions that were last updated before 2023-09-07 19:04:55.
[WP STAGING Manual Logging][info][2023-09-15 15:04:55] Running Queue Maintenance.
[WP STAGING Manual Logging][info][2023-09-15 15:04:55] Removed 0 actions that were last updated before 2023-09-08 19:04:55.
[WP STAGING Manual Logging][info][2023-09-16 15:04:54] Running Queue Maintenance.
[WP STAGING Manual Logging][info][2023-09-16 15:04:54] Removed 0 actions that were last updated before 2023-09-09 19:04:54.
[WP STAGING Manual Logging][info][2023-09-17 15:02:59] Running Queue Maintenance.
[WP STAGING Manual Logging][info][2023-09-17 15:02:59] Removed 0 actions that were last updated before 2023-09-10 19:02:59.
[WP STAGING Manual Logging][info][2023-09-18 15:02:23] Running Queue Maintenance.
[WP STAGING Manual Logging][info][2023-09-18 15:02:23] Removed 0 actions that were last updated before 2023-09-11 19:02:23.
[WP STAGING Manual Logging][info][2023-09-19 15:04:51] Starting from a clean state...
[WP STAGING Manual Logging][info][2023-09-19 15:04:51] Sending request to: https://retourautravail.irsst.qc.ca/wp-admin/admin-ajax.php?action=wpstg_ajax_test_action&_ajax_nonce=092729f549
[WP STAGING Manual Logging][info][2023-09-19 15:04:51] Running updateAjaxTestOption
[WP STAGING Manual Logging][info][2023-09-19 15:04:51] Complete updateAjaxTestOption. New value: y
[WP STAGING Manual Logging][info][2023-09-19 15:04:51] {"headers":[],"body":"","response":{"code":false,"message":false},"cookies":[],"http_response":null}
[WP STAGING Manual Logging][info][2023-09-19 15:04:51] runAjaxFeatureTest waited 0.0 seconds...
[WP STAGING Manual Logging][info][2023-09-19 15:04:52] Fetched is equal to: y
[WP STAGING Manual Logging][info][2023-09-19 15:04:52] Fetched is equal to (get_option): y
[WP STAGING Manual Logging][info][2023-09-19 15:04:52] runAjaxFeatureTest worked
[WP STAGING Manual Logging][info][2023-09-19 15:04:52] Running Queue Maintenance.
[WP STAGING Manual Logging][info][2023-09-19 15:04:52] Removed 0 actions that were last updated before 2023-09-12 19:04:52.
[WP STAGING Manual Logging][info][2023-09-20 15:03:41] Running Queue Maintenance.
[WP STAGING Manual Logging][info][2023-09-20 15:03:41] Removed 0 actions that were last updated before 2023-09-13 19:03:41.
[WP STAGING Manual Logging][info][2023-09-21 15:03:39] Running Queue Maintenance.
[WP STAGING Manual Logging][info][2023-09-21 15:03:39] Removed 0 actions that were last updated before 2023-09-14 19:03:39.
[WP STAGING Manual Logging][info][2023-09-22 15:05:12] Running Queue Maintenance.
[WP STAGING Manual Logging][info][2023-09-22 15:05:12] Removed 0 actions that were last updated before 2023-09-15 19:05:12.
[WP STAGING Manual Logging][info][2023-09-23 15:05:12] Running Queue Maintenance.
[WP STAGING Manual Logging][info][2023-09-23 15:05:12] Removed 0 actions that were last updated before 2023-09-16 19:05:12.
[WP STAGING Manual Logging][info][2023-09-24 15:02:30] Running Queue Maintenance.
[WP STAGING Manual Logging][info][2023-09-24 15:02:30] Removed 0 actions that were last updated before 2023-09-17 19:02:30.
[WP STAGING Manual Logging][info][2023-09-25 15:03:01] Running Queue Maintenance.
[WP STAGING Manual Logging][info][2023-09-25 15:03:01] Removed 0 actions that were last updated before 2023-09-18 19:03:01.
[WP STAGING Manual Logging][info][2023-09-26 15:02:58] Starting from a clean state...
[WP STAGING Manual Logging][info][2023-09-26 15:02:58] Sending request to: https://retourautravail.irsst.qc.ca/wp-admin/admin-ajax.php?action=wpstg_ajax_test_action&_ajax_nonce=a35ae9010e
[WP STAGING Manual Logging][info][2023-09-26 15:02:58] Running updateAjaxTestOption
[WP STAGING Manual Logging][info][2023-09-26 15:02:58] Complete updateAjaxTestOption. New value: y
[WP STAGING Manual Logging][info][2023-09-26 15:02:58] {"headers":[],"body":"","response":{"code":false,"message":false},"cookies":[],"http_response":null}
[WP STAGING Manual Logging][info][2023-09-26 15:02:58] runAjaxFeatureTest waited 0.0 seconds...
[WP STAGING Manual Logging][info][2023-09-26 15:02:59] Fetched is equal to: y
[WP STAGING Manual Logging][info][2023-09-26 15:02:59] Fetched is equal to (get_option): y
[WP STAGING Manual Logging][info][2023-09-26 15:02:59] runAjaxFeatureTest worked
[WP STAGING Manual Logging][info][2023-09-26 15:02:59] Running Queue Maintenance.
[WP STAGING Manual Logging][info][2023-09-26 15:02:59] Removed 0 actions that were last updated before 2023-09-19 19:02:59.
[WP STAGING Manual Logging][info][2023-09-27 15:05:04] Running Queue Maintenance.
[WP STAGING Manual Logging][info][2023-09-27 15:05:04] Removed 0 actions that were last updated before 2023-09-20 19:05:04.
